#
# There is insufficient memory for the Java Runtime Environment to continue.
# Native memory allocation (mmap) failed to map 121110528 bytes for committing reserved memory.
# Possible reasons:
#   The system is out of physical RAM or swap space
#   In 32 bit mode, the process size limit was hit
# Possible solutions:
#   Reduce memory load on the system
#   Increase physical memory or swap space
#   Check if swap backing store is full
#   Use 64 bit Java on a 64 bit OS
#   Decrease Java heap size (-Xmx/-Xms)
#   Decrease number of Java threads
#   Decrease Java thread stack sizes (-Xss)
#   Set larger code cache with -XX:ReservedCodeCacheSize=
# This output file may be truncated or incomplete.
#
#  Out of Memory Error (os_linux.cpp:2627), pid=4985, tid=140678290966272
#
# JRE version: Java(TM) SE Runtime Environment (8.0_60-b27) (build 1.8.0_60-b27)
# Java VM: Java HotSpot(TM) 64-Bit Server VM (25.60-b23 mixed mode linux-amd64 compressed oops)
# Failed to write core dump. Core dumps have been disabled. To enable core dumping, try "ulimit -c unlimited" before starting Java again
#

---------------  T H R E A D  ---------------

Current thread (0x00007ff24c140000):  VMThread [stack: 0x00007ff2377f8000,0x00007ff2378f9000] [id=5005]

Stack: [0x00007ff2377f8000,0x00007ff2378f9000],  sp=0x00007ff2378f7120,  free space=1020k
Native frames: (J=compiled Java code, j=interpreted, Vv=VM code, C=native code)
V  [libjvm.so+0xab97ea]  VMError::report_and_die()+0x2ba
V  [libjvm.so+0x4f9dab]  report_vm_out_of_memory(char const*, int, unsigned long, VMErrorType, char const*)+0x8b
V  [libjvm.so+0x91a7c3]  os::Linux::commit_memory_impl(char*, unsigned long, bool)+0x103
V  [libjvm.so+0x91ad19]  os::pd_commit_memory(char*, unsigned long, unsigned long, bool)+0x29
V  [libjvm.so+0x91502a]  os::commit_memory(char*, unsigned long, unsigned long, bool)+0x2a
V  [libjvm.so+0x9886d3]  PSVirtualSpace::expand_by(unsigned long)+0x53
V  [libjvm.so+0x978fc0]  PSOldGen::expand(unsigned long)+0x170
V  [libjvm.so+0x9791cb]  PSOldGen::resize(unsigned long)+0x1cb
V  [libjvm.so+0x980ea1]  PSParallelCompact::invoke_no_policy(bool)+0x991
V  [libjvm.so+0x9867fd]  PSScavenge::invoke()+0x1ad
V  [libjvm.so+0x93e430]  ParallelScavengeHeap::failed_mem_allocate(unsigned long)+0x70
V  [libjvm.so+0xabb207]  VM_ParallelGCFailedAllocation::doit()+0x97
V  [libjvm.so+0xac2c35]  VM_Operation::evaluate()+0x55
V  [libjvm.so+0xac100a]  VMThread::evaluate_operation(VM_Operation*)+0xba
V  [libjvm.so+0xac138e]  VMThread::loop()+0x1ce
V  [libjvm.so+0xac1800]  VMThread::run()+0x70
V  [libjvm.so+0x91cb88]  java_start(Thread*)+0x108

VM_Operation (0x00007ff235ba45c0): ParallelGCFailedAllocation, mode: safepoint, requested by thread 0x00007ff24c241000


---------------  P R O C E S S  ---------------

Java Threads: ( => current thread )
  0x00007ff24c242000 JavaThread "pool-1-thread-3" [_thread_blocked, id=5031, stack(0x00007ff2359a5000,0x00007ff235aa6000)]
  0x00007ff24c241000 JavaThread "pool-1-thread-2" [_thread_blocked, id=5029, stack(0x00007ff235aa6000,0x00007ff235ba7000)]
  0x00007ff24c23c000 JavaThread "pool-2-thread-1" [_thread_blocked, id=5025, stack(0x00007ff235ba7000,0x00007ff235ca8000)]
  0x00007ff24c1c0800 JavaThread "Service Thread" daemon [_thread_blocked, id=5012, stack(0x00007ff235eaa000,0x00007ff235fab000)]
  0x00007ff24c1be000 JavaThread "C1 CompilerThread2" daemon [_thread_blocked, id=5011, stack(0x00007ff235fab000,0x00007ff2360ac000)]
  0x00007ff24c1bc000 JavaThread "C2 CompilerThread1" daemon [_thread_blocked, id=5010, stack(0x00007ff2360ac000,0x00007ff2361ad000)]
  0x00007ff24c1b3000 JavaThread "C2 CompilerThread0" daemon [_thread_blocked, id=5009, stack(0x00007ff2361ad000,0x00007ff2362ae000)]
  0x00007ff24c17f000 JavaThread "Signal Dispatcher" daemon [_thread_blocked, id=5008, stack(0x00007ff236e13000,0x00007ff236f14000)]
  0x00007ff24c147800 JavaThread "Finalizer" daemon [_thread_blocked, id=5007, stack(0x00007ff2375f6000,0x00007ff2376f7000)]
  0x00007ff24c145000 JavaThread "Reference Handler" daemon [_thread_blocked, id=5006, stack(0x00007ff2376f7000,0x00007ff2377f8000)]
  0x00007ff24c00b000 JavaThread "main" [_thread_blocked, id=4989, stack(0x00007ff2540fb000,0x00007ff2541fc000)]

Other Threads:
=>0x00007ff24c140000 VMThread [stack: 0x00007ff2377f8000,0x00007ff2378f9000] [id=5005]
  0x00007ff24c1c5800 WatcherThread [stack: 0x00007ff235da9000,0x00007ff235eaa000] [id=5013]

VM state:at safepoint (normal execution)

VM Mutex/Monitor currently owned by a thread:  ([mutex/lock_event])
[0x00007ff24c006e10] ExpandHeap_lock - owner thread: 0x00007ff24c140000
[0x00007ff24c007490] Threads_lock - owner thread: 0x00007ff24c140000
[0x00007ff24c007990] Heap_lock - owner thread: 0x00007ff24c241000

Heap:
 PSYoungGen      total 227840K, used 0K [0x00000000eab00000, 0x0000000100000000, 0x0000000100000000)
  eden space 111616K, 0% used [0x00000000eab00000,0x00000000eab00000,0x00000000f1800000)
  from space 116224K, 0% used [0x00000000f1800000,0x00000000f1800000,0x00000000f8980000)
  to   space 116224K, 0% used [0x00000000f8e80000,0x00000000f8e80000,0x0000000100000000)
 ParOldGen       total 286208K, used 217020K [0x00000000c0000000, 0x00000000d1780000, 0x00000000eab00000)
  object space 286208K, 75% used [0x00000000c0000000,0x00000000cd3ef3c8,0x00000000d1780000)
 Metaspace       used 6382K, capacity 7260K, committed 7424K, reserved 1056768K
  class space    used 610K, capacity 656K, committed 768K, reserved 1048576K

Card table byte_map: [0x00007ff250aaf000,0x00007ff250cb0000] byte_map_base: 0x00007ff2504af000

Marking Bits: (ParMarkBitMap*) 0x00007ff2535cade0
 Begin Bits: [0x00007ff233000000, 0x00007ff234000000)
 End Bits:   [0x00007ff234000000, 0x00007ff235000000)

Polling page: 0x00007ff254218000

CodeCache: size=245760Kb used=9267Kb max_used=9283Kb free=236492Kb
 bounds [0x00007ff23d000000, 0x00007ff23d920000, 0x00007ff24c000000]
 total_blobs=2412 nmethods=2142 adapters=184
 compilation: enabled

Compilation events (10 events):
Event: 47.936 Thread 0x00007ff24c1be000 2605       2       com.android.dx.cf.code.ByteCatchList$Item::covers (22 bytes)
Event: 47.936 Thread 0x00007ff24c1be000 nmethod 2605 0x00007ff23d8a6850 code [0x00007ff23d8a69a0, 0x00007ff23d8a6b10]
Event: 47.937 Thread 0x00007ff24c1be000 2606       2       com.android.dx.cf.code.ByteCatchList::listFor (120 bytes)
Event: 47.939 Thread 0x00007ff24c1be000 nmethod 2606 0x00007ff23d8c9f50 code [0x00007ff23d8ca160, 0x00007ff23d8caac8]
Event: 47.940 Thread 0x00007ff24c1bc000 nmethod 2593 0x00007ff23d8e4f90 code [0x00007ff23d8e51a0, 0x00007ff23d8e5dd8]
Event: 47.940 Thread 0x00007ff24c1bc000 2603       4       com.android.dx.ssa.SsaConverter::placePhiFunctions (394 bytes)
Event: 48.204 Thread 0x00007ff24c1b3000 nmethod 2594 0x00007ff23d9175d0 code [0x00007ff23d917a40, 0x00007ff23d91b2a0]
Event: 48.205 Thread 0x00007ff24c1b3000 2604       4       com.android.dx.ssa.SsaMethod::forEachBlockDepthFirstDom (128 bytes)
Event: 48.371 Thread 0x00007ff24c1b3000 nmethod 2604 0x00007ff23d914250 code [0x00007ff23d9144a0, 0x00007ff23d9156d8]
Event: 48.372 Thread 0x00007ff24c1b3000 2596       4       com.android.dx.ssa.SsaConverter::edgeSplitSuccessors (98 bytes)

GC Heap History (10 events):
Event: 44.027 GC heap after
Heap after GC invocations=18 (full 5):
 PSYoungGen      total 232960K, used 0K [0x00000000eab00000, 0x0000000100000000, 0x0000000100000000)
  eden space 116736K, 0% used [0x00000000eab00000,0x00000000eab00000,0x00000000f1d00000)
  from space 116224K, 0% used [0x00000000f1d00000,0x00000000f1d00000,0x00000000f8e80000)
  to   space 116224K, 0% used [0x00000000f8e80000,0x00000000f8e80000,0x0000000100000000)
 ParOldGen       total 286208K, used 124917K [0x00000000c0000000, 0x00000000d1780000, 0x00000000eab00000)
  object space 286208K, 43% used [0x00000000c0000000,0x00000000c79fd560,0x00000000d1780000)
 Metaspace       used 6348K, capacity 7196K, committed 7424K, reserved 1056768K
  class space    used 609K, capacity 656K, committed 768K, reserved 1048576K
}
Event: 46.755 GC heap before
{Heap before GC invocations=19 (full 5):
 PSYoungGen      total 232960K, used 116736K [0x00000000eab00000, 0x0000000100000000, 0x0000000100000000)
  eden space 116736K, 100% used [0x00000000eab00000,0x00000000f1d00000,0x00000000f1d00000)
  from space 116224K, 0% used [0x00000000f1d00000,0x00000000f1d00000,0x00000000f8e80000)
  to   space 116224K, 0% used [0x00000000f8e80000,0x00000000f8e80000,0x0000000100000000)
 ParOldGen       total 286208K, used 124917K [0x00000000c0000000, 0x00000000d1780000, 0x00000000eab00000)
  object space 286208K, 43% used [0x00000000c0000000,0x00000000c79fd560,0x00000000d1780000)
 Metaspace       used 6381K, capacity 7260K, committed 7424K, reserved 1056768K
  class space    used 610K, capacity 656K, committed 768K, reserved 1048576K
Event: 46.817 GC heap after
Heap after GC invocations=19 (full 5):
 PSYoungGen      total 232960K, used 46590K [0x00000000eab00000, 0x0000000100000000, 0x0000000100000000)
  eden space 116736K, 0% used [0x00000000eab00000,0x00000000eab00000,0x00000000f1d00000)
  from space 116224K, 40% used [0x00000000f8e80000,0x00000000fbbffba8,0x0000000100000000)
  to   space 116224K, 0% used [0x00000000f1d00000,0x00000000f1d00000,0x00000000f8e80000)
 ParOldGen       total 286208K, used 124925K [0x00000000c0000000, 0x00000000d1780000, 0x00000000eab00000)
  object space 286208K, 43% used [0x00000000c0000000,0x00000000c79ff560,0x00000000d1780000)
 Metaspace       used 6381K, capacity 7260K, committed 7424K, reserved 1056768K
  class space    used 610K, capacity 656K, committed 768K, reserved 1048576K
}
Event: 47.718 GC heap before
{Heap before GC invocations=20 (full 5):
 PSYoungGen      total 232960K, used 163326K [0x00000000eab00000, 0x0000000100000000, 0x0000000100000000)
  eden space 116736K, 100% used [0x00000000eab00000,0x00000000f1d00000,0x00000000f1d00000)
  from space 116224K, 40% used [0x00000000f8e80000,0x00000000fbbffba8,0x0000000100000000)
  to   space 116224K, 0% used [0x00000000f1d00000,0x00000000f1d00000,0x00000000f8e80000)
 ParOldGen       total 286208K, used 124925K [0x00000000c0000000, 0x00000000d1780000, 0x00000000eab00000)
  object space 286208K, 43% used [0x00000000c0000000,0x00000000c79ff560,0x00000000d1780000)
 Metaspace       used 6381K, capacity 7260K, committed 7424K, reserved 1056768K
  class space    used 610K, capacity 656K, committed 768K, reserved 1048576K
Event: 47.804 GC heap after
Heap after GC invocations=20 (full 5):
 PSYoungGen      total 165376K, used 48503K [0x00000000eab00000, 0x00000000ff600000, 0x0000000100000000)
  eden space 116736K, 0% used [0x00000000eab00000,0x00000000eab00000,0x00000000f1d00000)
  from space 48640K, 99% used [0x00000000f1d00000,0x00000000f4c5dc98,0x00000000f4c80000)
  to   space 111104K, 0% used [0x00000000f8980000,0x00000000f8980000,0x00000000ff600000)
 ParOldGen       total 286208K, used 170073K [0x00000000c0000000, 0x00000000d1780000, 0x00000000eab00000)
  object space 286208K, 59% used [0x00000000c0000000,0x00000000ca616758,0x00000000d1780000)
 Metaspace       used 6381K, capacity 7260K, committed 7424K, reserved 1056768K
  class space    used 610K, capacity 656K, committed 768K, reserved 1048576K
}
Event: 48.264 GC heap before
{Heap before GC invocations=21 (full 5):
 PSYoungGen      total 165376K, used 165239K [0x00000000eab00000, 0x00000000ff600000, 0x0000000100000000)
  eden space 116736K, 100% used [0x00000000eab00000,0x00000000f1d00000,0x00000000f1d00000)
  from space 48640K, 99% used [0x00000000f1d00000,0x00000000f4c5dc98,0x00000000f4c80000)
  to   space 111104K, 0% used [0x00000000f8980000,0x00000000f8980000,0x00000000ff600000)
 ParOldGen       total 286208K, used 170073K [0x00000000c0000000, 0x00000000d1780000, 0x00000000eab00000)
  object space 286208K, 59% used [0x00000000c0000000,0x00000000ca616758,0x00000000d1780000)
 Metaspace       used 6382K, capacity 7260K, committed 7424K, reserved 1056768K
  class space    used 610K, capacity 656K, committed 768K, reserved 1048576K
Event: 48.331 GC heap after
Heap after GC invocations=21 (full 5):
 PSYoungGen      total 222720K, used 96206K [0x00000000eab00000, 0x0000000100000000, 0x0000000100000000)
  eden space 111616K, 0% used [0x00000000eab00000,0x00000000eab00000,0x00000000f1800000)
  from space 111104K, 86% used [0x00000000f8980000,0x00000000fe773920,0x00000000ff600000)
  to   space 116224K, 0% used [0x00000000f1800000,0x00000000f1800000,0x00000000f8980000)
 ParOldGen       total 286208K, used 170073K [0x00000000c0000000, 0x00000000d1780000, 0x00000000eab00000)
  object space 286208K, 59% used [0x00000000c0000000,0x00000000ca616758,0x00000000d1780000)
 Metaspace       used 6382K, capacity 7260K, committed 7424K, reserved 1056768K
  class space    used 610K, capacity 656K, committed 768K, reserved 1048576K
}
Event: 48.504 GC heap before
{Heap before GC invocations=22 (full 5):
 PSYoungGen      total 222720K, used 207822K [0x00000000eab00000, 0x0000000100000000, 0x0000000100000000)
  eden space 111616K, 100% used [0x00000000eab00000,0x00000000f1800000,0x00000000f1800000)
  from space 111104K, 86% used [0x00000000f8980000,0x00000000fe773920,0x00000000ff600000)
  to   space 116224K, 0% used [0x00000000f1800000,0x00000000f1800000,0x00000000f8980000)
 ParOldGen       total 286208K, used 170073K [0x00000000c0000000, 0x00000000d1780000, 0x00000000eab00000)
  object space 286208K, 59% used [0x00000000c0000000,0x00000000ca616758,0x00000000d1780000)
 Metaspace       used 6382K, capacity 7260K, committed 7424K, reserved 1056768K
  class space    used 610K, capacity 656K, committed 768K, reserved 1048576K
Event: 51.867 GC heap after
Heap after GC invocations=22 (full 5):
 PSYoungGen      total 227840K, used 51946K [0x00000000eab00000, 0x0000000100000000, 0x0000000100000000)
  eden space 111616K, 0% used [0x00000000eab00000,0x00000000eab00000,0x00000000f1800000)
  from space 116224K, 44% used [0x00000000f1800000,0x00000000f4aba848,0x00000000f8980000)
  to   space 116224K, 0% used [0x00000000f8e80000,0x00000000f8e80000,0x0000000100000000)
 ParOldGen       total 286208K, used 228296K [0x00000000c0000000, 0x00000000d1780000, 0x00000000eab00000)
  object space 286208K, 79% used [0x00000000c0000000,0x00000000cdef21f0,0x00000000d1780000)
 Metaspace       used 6382K, capacity 7260K, committed 7424K, reserved 1056768K
  class space    used 610K, capacity 656K, committed 768K, reserved 1048576K
}
Event: 52.193 GC heap before
{Heap before GC invocations=23 (full 6):
 PSYoungGen      total 227840K, used 51946K [0x00000000eab00000, 0x0000000100000000, 0x0000000100000000)
  eden space 111616K, 0% used [0x00000000eab00000,0x00000000eab00000,0x00000000f1800000)
  from space 116224K, 44% used [0x00000000f1800000,0x00000000f4aba848,0x00000000f8980000)
  to   space 116224K, 0% used [0x00000000f8e80000,0x00000000f8e80000,0x0000000100000000)
 ParOldGen       total 286208K, used 228296K [0x00000000c0000000, 0x00000000d1780000, 0x00000000eab00000)
  object space 286208K, 79% used [0x00000000c0000000,0x00000000cdef21f0,0x00000000d1780000)
 Metaspace       used 6382K, capacity 7260K, committed 7424K, reserved 1056768K
  class space    used 610K, capacity 656K, committed 768K, reserved 1048576K

Deoptimization events (10 events):
Event: 25.625 Thread 0x00007ff24c244000 Uncommon trap: reason=unstable_if action=reinterpret pc=0x00007ff23d4f1e74 method=com.android.dx.ssa.SetFactory.makeLivenessSet(I)Lcom/android/dx/util/IntSet; @ 4
Event: 32.004 Thread 0x00007ff24c244000 Uncommon trap: reason=bimorphic action=maybe_recompile pc=0x00007ff23d7324ec method=com.android.dx.cf.code.BytecodeArray.parseInstruction(ILcom/android/dx/cf/code/BytecodeArray$Visitor;)I @ 1501
Event: 32.005 Thread 0x00007ff24c244000 Uncommon trap: reason=bimorphic action=maybe_recompile pc=0x00007ff23d7324ec method=com.android.dx.cf.code.BytecodeArray.parseInstruction(ILcom/android/dx/cf/code/BytecodeArray$Visitor;)I @ 1501
Event: 32.927 Thread 0x00007ff24c242000 Uncommon trap: reason=bimorphic action=maybe_recompile pc=0x00007ff23d8152bc method=com.android.dx.ssa.SCCP.setLatticeValueTo(IILcom/android/dx/rop/cst/Constant;)Z @ 43
Event: 44.469 Thread 0x00007ff24c23a000 Uncommon trap: reason=unstable_if action=reinterpret pc=0x00007ff23d859430 method=java.util.BitSet.clone()Ljava/lang/Object; @ 4
Event: 44.862 Thread 0x00007ff24c23a000 Uncommon trap: reason=bimorphic action=maybe_recompile pc=0x00007ff23d8152bc method=com.android.dx.ssa.SCCP.setLatticeValueTo(IILcom/android/dx/rop/cst/Constant;)Z @ 43
Event: 44.869 Thread 0x00007ff24c23a000 Uncommon trap: reason=bimorphic action=maybe_recompile pc=0x00007ff23d8152bc method=com.android.dx.ssa.SCCP.setLatticeValueTo(IILcom/android/dx/rop/cst/Constant;)Z @ 43
Event: 44.908 Thread 0x00007ff24c241000 Uncommon trap: reason=bimorphic action=maybe_recompile pc=0x00007ff23d8152bc method=com.android.dx.ssa.SCCP.setLatticeValueTo(IILcom/android/dx/rop/cst/Constant;)Z @ 43
Event: 47.047 Thread 0x00007ff24c244000 Uncommon trap: reason=predicate action=maybe_recompile pc=0x00007ff23d890be8 method=com.android.dx.ssa.DomFront.run()[Lcom/android/dx/ssa/DomFront$DomInfo; @ 175
Event: 47.936 Thread 0x00007ff24c244000 Uncommon trap: reason=unstable_if action=reinterpret pc=0x00007ff23d8a5898 method=com.android.dx.cf.code.ByteCatchList.typeNotFound(Lcom/android/dx/cf/code/ByteCatchList$Item;[Lcom/android/dx/cf/code/ByteCatchList$Item;I)Z @ 34

Internal exceptions (5 events):
Event: 0.112 Thread 0x00007ff24c00b000 Exception <a 'java/lang/NoSuchMethodError': Method sun.misc.Unsafe.defineClass(Ljava/lang/String;[BII)Ljava/lang/Class; name or signature does not match> (0x00000000eab12b98) thrown at [/HUDSON/workspace/8-2-build-linux-amd64/jdk8u60/4407/hotspot/src/shar
Event: 0.112 Thread 0x00007ff24c00b000 Exception <a 'java/lang/NoSuchMethodError': Method sun.misc.Unsafe.prefetchRead(Ljava/lang/Object;J)V name or signature does not match> (0x00000000eab12e80) thrown at [/HUDSON/workspace/8-2-build-linux-amd64/jdk8u60/4407/hotspot/src/share/vm/prims/jni.cpp
Event: 5.328 Thread 0x00007ff24c00b000 Exception <a 'java/lang/ArrayIndexOutOfBoundsException': 18> (0x00000000eb0c8800) thrown at [/HUDSON/workspace/8-2-build-linux-amd64/jdk8u60/4407/hotspot/src/share/vm/interpreter/interpreterRuntime.cpp, line 366]
Event: 5.329 Thread 0x00007ff24c00b000 Exception <a 'java/lang/ArrayIndexOutOfBoundsException': 145> (0x00000000eb0cabc8) thrown at [/HUDSON/workspace/8-2-build-linux-amd64/jdk8u60/4407/hotspot/src/share/vm/interpreter/interpreterRuntime.cpp, line 366]
Event: 5.336 Thread 0x00007ff24c00b000 Exception <a 'java/lang/ArrayIndexOutOfBoundsException': 40> (0x00000000eb0cee30) thrown at [/HUDSON/workspace/8-2-build-linux-amd64/jdk8u60/4407/hotspot/src/share/vm/interpreter/interpreterRuntime.cpp, line 366]

Events (10 events):
Event: 48.457 Thread 0x00007ff24c23a000 DEOPT PACKING pc=0x00007ff23d57c73d sp=0x00007ff235da6f00
Event: 48.457 Thread 0x00007ff24c23a000 DEOPT UNPACKING pc=0x00007ff23d047233 sp=0x00007ff235da6c80 mode 0
Event: 48.459 Thread 0x00007ff24c23a000 DEOPT PACKING pc=0x00007ff23d333bec sp=0x00007ff235da7050
Event: 48.459 Thread 0x00007ff24c23a000 DEOPT UNPACKING pc=0x00007ff23d047233 sp=0x00007ff235da6d50 mode 0
Event: 48.477 Thread 0x00007ff24c23a000 DEOPT PACKING pc=0x00007ff23d333bec sp=0x00007ff235da6f50
Event: 48.477 Thread 0x00007ff24c23a000 DEOPT UNPACKING pc=0x00007ff23d047233 sp=0x00007ff235da6c50 mode 0
Event: 48.487 Thread 0x00007ff24c242000 DEOPT PACKING pc=0x00007ff23d4d7116 sp=0x00007ff235aa3dc0
Event: 48.487 Thread 0x00007ff24c242000 DEOPT UNPACKING pc=0x00007ff23d047233 sp=0x00007ff235aa3c20 mode 0
Event: 48.501 Thread 0x00007ff24c23a000 Thread exited: 0x00007ff24c23a000
Event: 48.504 Executing VM operation: ParallelGCFailedAllocation


Dynamic libraries:
00400000-00401000 r-xp 00000000 08:05 663797                             /usr/lib/jvm/java-8-oracle/bin/java
00600000-00601000 rw-p 00000000 08:05 663797                             /usr/lib/jvm/java-8-oracle/bin/java
01db7000-01dd8000 rw-p 00000000 00:00 0                                  [heap]
c0000000-d1780000 rw-p 00000000 00:00 0 
d8b00000-eab00000 ---p 00000000 00:00 0 
eab00000-100000000 rw-p 00000000 00:00 0 
100000000-1000c0000 rw-p 00000000 00:00 0 
1000c0000-140000000 ---p 00000000 00:00 0 
7ff1e4000000-7ff1e4021000 rw-p 00000000 00:00 0 
7ff1e4021000-7ff1e8000000 ---p 00000000 00:00 0 
7ff1ec000000-7ff1ec021000 rw-p 00000000 00:00 0 
7ff1ec021000-7ff1f0000000 ---p 00000000 00:00 0 
7ff1f0000000-7ff1f0021000 rw-p 00000000 00:00 0 
7ff1f0021000-7ff1f4000000 ---p 00000000 00:00 0 
7ff1f4000000-7ff1f4035000 rw-p 00000000 00:00 0 
7ff1f4035000-7ff1f8000000 ---p 00000000 00:00 0 
7ff1f8000000-7ff1f8021000 rw-p 00000000 00:00 0 
7ff1f8021000-7ff1fc000000 ---p 00000000 00:00 0 
7ff1fc000000-7ff1fc021000 rw-p 00000000 00:00 0 
7ff1fc021000-7ff200000000 ---p 00000000 00:00 0 
7ff200000000-7ff200021000 rw-p 00000000 00:00 0 
7ff200021000-7ff204000000 ---p 00000000 00:00 0 
7ff204000000-7ff20528b000 rw-p 00000000 00:00 0 
7ff20528b000-7ff208000000 ---p 00000000 00:00 0 
7ff208000000-7ff208912000 rw-p 00000000 00:00 0 
7ff208912000-7ff20c000000 ---p 00000000 00:00 0 
7ff20c000000-7ff20c021000 rw-p 00000000 00:00 0 
7ff20c021000-7ff210000000 ---p 00000000 00:00 0 
7ff210000000-7ff211f4e000 rw-p 00000000 00:00 0 
7ff211f4e000-7ff214000000 ---p 00000000 00:00 0 
7ff214000000-7ff214021000 rw-p 00000000 00:00 0 
7ff214021000-7ff218000000 ---p 00000000 00:00 0 
7ff218000000-7ff218021000 rw-p 00000000 00:00 0 
7ff218021000-7ff21c000000 ---p 00000000 00:00 0 
7ff21c000000-7ff21c021000 rw-p 00000000 00:00 0 
7ff21c021000-7ff220000000 ---p 00000000 00:00 0 
7ff220000000-7ff22028d000 rw-p 00000000 00:00 0 
7ff22028d000-7ff224000000 ---p 00000000 00:00 0 
7ff224000000-7ff224021000 rw-p 00000000 00:00 0 
7ff224021000-7ff228000000 ---p 00000000 00:00 0 
7ff22c000000-7ff22c021000 rw-p 00000000 00:00 0 
7ff22c021000-7ff230000000 ---p 00000000 00:00 0 
7ff233000000-7ff235000000 rw-p 00000000 00:00 0 
7ff2358a4000-7ff2358a7000 ---p 00000000 00:00 0 
7ff2358a7000-7ff2359a5000 rw-p 00000000 00:00 0 
7ff2359a5000-7ff2359a8000 ---p 00000000 00:00 0 
7ff2359a8000-7ff235aa6000 rw-p 00000000 00:00 0                          [stack:5031]
7ff235aa6000-7ff235aa9000 ---p 00000000 00:00 0 
7ff235aa9000-7ff235ba7000 rw-p 00000000 00:00 0                          [stack:5029]
7ff235ba7000-7ff235baa000 ---p 00000000 00:00 0 
7ff235baa000-7ff235ca8000 rw-p 00000000 00:00 0                          [stack:5025]
7ff235ca8000-7ff235cab000 ---p 00000000 00:00 0 
7ff235cab000-7ff235da9000 rw-p 00000000 00:00 0 
7ff235da9000-7ff235daa000 ---p 00000000 00:00 0 
7ff235daa000-7ff235eaa000 rw-p 00000000 00:00 0                          [stack:5013]
7ff235eaa000-7ff235ead000 ---p 00000000 00:00 0 
7ff235ead000-7ff235fab000 rw-p 00000000 00:00 0                          [stack:5012]
7ff235fab000-7ff235fae000 ---p 00000000 00:00 0 
7ff235fae000-7ff2360ac000 rw-p 00000000 00:00 0                          [stack:5011]
7ff2360ac000-7ff2360af000 ---p 00000000 00:00 0 
7ff2360af000-7ff2361ad000 rw-p 00000000 00:00 0                          [stack:5010]
7ff2361ad000-7ff2361b0000 ---p 00000000 00:00 0 
7ff2361b0000-7ff2362ae000 rw-p 00000000 00:00 0                          [stack:5009]
7ff2362ae000-7ff2362b3000 r-xp 00000000 08:05 403545                     /usr/lib/x86_64-linux-gnu/libXdmcp.so.6.0.0
7ff2362b3000-7ff2364b2000 ---p 00005000 08:05 403545                     /usr/lib/x86_64-linux-gnu/libXdmcp.so.6.0.0
7ff2364b2000-7ff2364b3000 r--p 00004000 08:05 403545                     /usr/lib/x86_64-linux-gnu/libXdmcp.so.6.0.0
7ff2364b3000-7ff2364b4000 rw-p 00005000 08:05 403545                     /usr/lib/x86_64-linux-gnu/libXdmcp.so.6.0.0
7ff2364b4000-7ff2364b6000 r-xp 00000000 08:05 403534                     /usr/lib/x86_64-linux-gnu/libXau.so.6.0.0
7ff2364b6000-7ff2366b6000 ---p 00002000 08:05 403534                     /usr/lib/x86_64-linux-gnu/libXau.so.6.0.0
7ff2366b6000-7ff2366b7000 r--p 00002000 08:05 403534                     /usr/lib/x86_64-linux-gnu/libXau.so.6.0.0
7ff2366b7000-7ff2366b8000 rw-p 00003000 08:05 403534                     /usr/lib/x86_64-linux-gnu/libXau.so.6.0.0
7ff2366b8000-7ff2366d5000 r-xp 00000000 08:05 404732                     /usr/lib/x86_64-linux-gnu/libxcb.so.1.1.0
7ff2366d5000-7ff2368d5000 ---p 0001d000 08:05 404732                     /usr/lib/x86_64-linux-gnu/libxcb.so.1.1.0
7ff2368d5000-7ff2368d6000 r--p 0001d000 08:05 404732                     /usr/lib/x86_64-linux-gnu/libxcb.so.1.1.0
7ff2368d6000-7ff2368d7000 rw-p 0001e000 08:05 404732                     /usr/lib/x86_64-linux-gnu/libxcb.so.1.1.0
7ff2368d7000-7ff236a0a000 r-xp 00000000 08:05 403530                     /usr/lib/x86_64-linux-gnu/libX11.so.6.3.0
7ff236a0a000-7ff236c0a000 ---p 00133000 08:05 403530                     /usr/lib/x86_64-linux-gnu/libX11.so.6.3.0
7ff236c0a000-7ff236c0b000 r--p 00133000 08:05 403530                     /usr/lib/x86_64-linux-gnu/libX11.so.6.3.0
7ff236c0b000-7ff236c0f000 rw-p 00134000 08:05 403530                     /usr/lib/x86_64-linux-gnu/libX11.so.6.3.0
7ff236c0f000-7ff236c10000 rw-p 00000000 00:00 0 
7ff236c10000-7ff236c12000 r-xp 00000000 08:05 398750                     /usr/lib/jayatana/libjayatanaag.so
7ff236c12000-7ff236e11000 ---p 00002000 08:05 398750                     /usr/lib/jayatana/libjayatanaag.so
7ff236e11000-7ff236e12000 r--p 00001000 08:05 398750                     /usr/lib/jayatana/libjayatanaag.so
7ff236e12000-7ff236e13000 rw-p 00002000 08:05 398750                     /usr/lib/jayatana/libjayatanaag.so
7ff236e13000-7ff236e16000 ---p 00000000 00:00 0 
7ff236e16000-7ff236f14000 rw-p 00000000 00:00 0                          [stack:5008]
7ff236f14000-7ff2375f6000 r--p 00000000 08:05 402073                     /usr/lib/locale/locale-archive
7ff2375f6000-7ff2375f9000 ---p 00000000 00:00 0 
7ff2375f9000-7ff2376f7000 rw-p 00000000 00:00 0                          [stack:5007]
7ff2376f7000-7ff2376fa000 ---p 00000000 00:00 0 
7ff2376fa000-7ff2377f8000 rw-p 00000000 00:00 0                          [stack:5006]
7ff2377f8000-7ff2377f9000 ---p 00000000 00:00 0 
7ff2377f9000-7ff238000000 rw-p 00000000 00:00 0                          [stack:5005]
7ff238000000-7ff238021000 rw-p 00000000 00:00 0 
7ff238021000-7ff23c000000 ---p 00000000 00:00 0 
7ff23c0f9000-7ff23ce80000 rw-p 00000000 00:00 0 
7ff23ce80000-7ff23d000000 ---p 00000000 00:00 0 
7ff23d000000-7ff23d920000 rwxp 00000000 00:00 0 
7ff23d920000-7ff24c000000 ---p 00000000 00:00 0 
7ff24c000000-7ff24c469000 rw-p 00000000 00:00 0 
7ff24c469000-7ff250000000 ---p 00000000 00:00 0 
7ff250006000-7ff250107000 rw-p 00000000 00:00 0 
7ff250107000-7ff2502df000 r--s 03d17000 08:05 663704                     /usr/lib/jvm/java-8-oracle/jre/lib/rt.jar
7ff2502df000-7ff250555000 rw-p 00000000 00:00 0 
7ff250555000-7ff250556000 ---p 00000000 00:00 0 
7ff250556000-7ff250656000 rw-p 00000000 00:00 0                          [stack:5004]
7ff250656000-7ff250657000 ---p 00000000 00:00 0 
7ff250657000-7ff250757000 rw-p 00000000 00:00 0                          [stack:5002]
7ff250757000-7ff250758000 ---p 00000000 00:00 0 
7ff250758000-7ff250858000 rw-p 00000000 00:00 0                          [stack:4999]
7ff250858000-7ff250859000 ---p 00000000 00:00 0 
7ff250859000-7ff2509e5000 rw-p 00000000 00:00 0                          [stack:4995]
7ff2509e5000-7ff250aaf000 ---p 00000000 00:00 0 
7ff250aaf000-7ff250b3b000 rw-p 00000000 00:00 0 
7ff250b3b000-7ff250c04000 ---p 00000000 00:00 0 
7ff250c04000-7ff250caf000 rw-p 00000000 00:00 0 
7ff250caf000-7ff250cd5000 rw-p 00000000 00:00 0 
7ff250cd5000-7ff251070000 ---p 00000000 00:00 0 
7ff251070000-7ff25108a000 r-xp 00000000 08:05 663654                     /usr/lib/jvm/java-8-oracle/jre/lib/amd64/libzip.so
7ff25108a000-7ff25128a000 ---p 0001a000 08:05 663654                     /usr/lib/jvm/java-8-oracle/jre/lib/amd64/libzip.so
7ff25128a000-7ff25128b000 rw-p 0001a000 08:05 663654                     /usr/lib/jvm/java-8-oracle/jre/lib/amd64/libzip.so
7ff25128b000-7ff251297000 r-xp 00000000 08:05 2626033                    /lib/x86_64-linux-gnu/libnss_files-2.21.so
7ff251297000-7ff251496000 ---p 0000c000 08:05 2626033                    /lib/x86_64-linux-gnu/libnss_files-2.21.so
7ff251496000-7ff251497000 r--p 0000b000 08:05 2626033                    /lib/x86_64-linux-gnu/libnss_files-2.21.so
7ff251497000-7ff251498000 rw-p 0000c000 08:05 2626033                    /lib/x86_64-linux-gnu/libnss_files-2.21.so
7ff251498000-7ff2514a3000 r-xp 00000000 08:05 2626043                    /lib/x86_64-linux-gnu/libnss_nis-2.21.so
7ff2514a3000-7ff2516a2000 ---p 0000b000 08:05 2626043                    /lib/x86_64-linux-gnu/libnss_nis-2.21.so
7ff2516a2000-7ff2516a3000 r--p 0000a000 08:05 2626043                    /lib/x86_64-linux-gnu/libnss_nis-2.21.so
7ff2516a3000-7ff2516a4000 rw-p 0000b000 08:05 2626043                    /lib/x86_64-linux-gnu/libnss_nis-2.21.so
7ff2516a4000-7ff2516bb000 r-xp 00000000 08:05 2626027                    /lib/x86_64-linux-gnu/libnsl-2.21.so
7ff2516bb000-7ff2518ba000 ---p 00017000 08:05 2626027                    /lib/x86_64-linux-gnu/libnsl-2.21.so
7ff2518ba000-7ff2518bb000 r--p 00016000 08:05 2626027                    /lib/x86_64-linux-gnu/libnsl-2.21.so
7ff2518bb000-7ff2518bc000 rw-p 00017000 08:05 2626027                    /lib/x86_64-linux-gnu/libnsl-2.21.so
7ff2518bc000-7ff2518be000 rw-p 00000000 00:00 0 
7ff2518be000-7ff2518c6000 r-xp 00000000 08:05 2626029                    /lib/x86_64-linux-gnu/libnss_compat-2.21.so
7ff2518c6000-7ff251ac5000 ---p 00008000 08:05 2626029                    /lib/x86_64-linux-gnu/libnss_compat-2.21.so
7ff251ac5000-7ff251ac6000 r--p 00007000 08:05 2626029                    /lib/x86_64-linux-gnu/libnss_compat-2.21.so
7ff251ac6000-7ff251ac7000 rw-p 00008000 08:05 2626029                    /lib/x86_64-linux-gnu/libnss_compat-2.21.so
7ff251ac7000-7ff251ad1000 r-xp 00000000 08:05 663661                     /usr/lib/jvm/java-8-oracle/jre/lib/amd64/libinstrument.so
7ff251ad1000-7ff251cd0000 ---p 0000a000 08:05 663661                     /usr/lib/jvm/java-8-oracle/jre/lib/amd64/libinstrument.so
7ff251cd0000-7ff251cd1000 rw-p 00009000 08:05 663661                     /usr/lib/jvm/java-8-oracle/jre/lib/amd64/libinstrument.so
7ff251cd1000-7ff251cfb000 r-xp 00000000 08:05 663632                     /usr/lib/jvm/java-8-oracle/jre/lib/amd64/libjava.so
7ff251cfb000-7ff251efb000 ---p 0002a000 08:05 663632                     /usr/lib/jvm/java-8-oracle/jre/lib/amd64/libjava.so
7ff251efb000-7ff251efd000 rw-p 0002a000 08:05 663632                     /usr/lib/jvm/java-8-oracle/jre/lib/amd64/libjava.so
7ff251efd000-7ff251f0a000 r-xp 00000000 08:05 663648                     /usr/lib/jvm/java-8-oracle/jre/lib/amd64/libverify.so
7ff251f0a000-7ff25210a000 ---p 0000d000 08:05 663648                     /usr/lib/jvm/java-8-oracle/jre/lib/amd64/libverify.so
7ff25210a000-7ff25210c000 rw-p 0000d000 08:05 663648                     /usr/lib/jvm/java-8-oracle/jre/lib/amd64/libverify.so
7ff25210c000-7ff252113000 r-xp 00000000 08:05 2626088                    /lib/x86_64-linux-gnu/librt-2.21.so
7ff252113000-7ff252312000 ---p 00007000 08:05 2626088                    /lib/x86_64-linux-gnu/librt-2.21.so
7ff252312000-7ff252313000 r--p 00006000 08:05 2626088                    /lib/x86_64-linux-gnu/librt-2.21.so
7ff252313000-7ff252314000 rw-p 00007000 08:05 2626088                    /lib/x86_64-linux-gnu/librt-2.21.so
7ff252314000-7ff25241b000 r-xp 00000000 08:05 2626006                    /lib/x86_64-linux-gnu/libm-2.21.so
7ff25241b000-7ff25261a000 ---p 00107000 08:05 2626006                    /lib/x86_64-linux-gnu/libm-2.21.so
7ff25261a000-7ff25261b000 r--p 00106000 08:05 2626006                    /lib/x86_64-linux-gnu/libm-2.21.so
7ff25261b000-7ff25261c000 rw-p 00107000 08:05 2626006                    /lib/x86_64-linux-gnu/libm-2.21.so
7ff25261c000-7ff2532da000 r-xp 00000000 08:05 663670                     /usr/lib/jvm/java-8-oracle/jre/lib/amd64/server/libjvm.so
7ff2532da000-7ff2534d9000 ---p 00cbe000 08:05 663670                     /usr/lib/jvm/java-8-oracle/jre/lib/amd64/server/libjvm.so
7ff2534d9000-7ff2535b1000 rw-p 00cbd000 08:05 663670                     /usr/lib/jvm/java-8-oracle/jre/lib/amd64/server/libjvm.so
7ff2535b1000-7ff2535f6000 rw-p 00000000 00:00 0 
7ff2535f6000-7ff2537b6000 r-xp 00000000 08:05 2625947                    /lib/x86_64-linux-gnu/libc-2.21.so
7ff2537b6000-7ff2539b6000 ---p 001c0000 08:05 2625947                    /lib/x86_64-linux-gnu/libc-2.21.so
7ff2539b6000-7ff2539ba000 r--p 001c0000 08:05 2625947                    /lib/x86_64-linux-gnu/libc-2.21.so
7ff2539ba000-7ff2539bc000 rw-p 001c4000 08:05 2625947                    /lib/x86_64-linux-gnu/libc-2.21.so
7ff2539bc000-7ff2539c0000 rw-p 00000000 00:00 0 
7ff2539c0000-7ff2539c3000 r-xp 00000000 08:05 2625964                    /lib/x86_64-linux-gnu/libdl-2.21.so
7ff2539c3000-7ff253bc2000 ---p 00003000 08:05 2625964                    /lib/x86_64-linux-gnu/libdl-2.21.so
7ff253bc2000-7ff253bc3000 r--p 00002000 08:05 2625964                    /lib/x86_64-linux-gnu/libdl-2.21.so
7ff253bc3000-7ff253bc4000 rw-p 00003000 08:05 2625964                    /lib/x86_64-linux-gnu/libdl-2.21.so
7ff253bc4000-7ff253bd9000 r-xp 00000000 08:05 534170                     /usr/lib/jvm/java-8-oracle/lib/amd64/jli/libjli.so
7ff253bd9000-7ff253dd9000 ---p 00015000 08:05 534170                     /usr/lib/jvm/java-8-oracle/lib/amd64/jli/libjli.so
7ff253dd9000-7ff253dda000 rw-p 00015000 08:05 534170                     /usr/lib/jvm/java-8-oracle/lib/amd64/jli/libjli.so
7ff253dda000-7ff253df2000 r-xp 00000000 08:05 2626080                    /lib/x86_64-linux-gnu/libpthread-2.21.so
7ff253df2000-7ff253ff2000 ---p 00018000 08:05 2626080                    /lib/x86_64-linux-gnu/libpthread-2.21.so
7ff253ff2000-7ff253ff3000 r--p 00018000 08:05 2626080                    /lib/x86_64-linux-gnu/libpthread-2.21.so
7ff253ff3000-7ff253ff4000 rw-p 00019000 08:05 2626080                    /lib/x86_64-linux-gnu/libpthread-2.21.so
7ff253ff4000-7ff253ff8000 rw-p 00000000 00:00 0 
7ff253ff8000-7ff25401c000 r-xp 00000000 08:05 2625919                    /lib/x86_64-linux-gnu/ld-2.21.so
7ff25403b000-7ff25403c000 rw-p 00000000 00:00 0 
7ff25403c000-7ff25403d000 r--s 00000000 08:05 798542                     /usr/share/java/jayatanaag.jar
7ff25403d000-7ff2540fb000 rw-p 00000000 00:00 0 
7ff2540fb000-7ff2540fe000 ---p 00000000 00:00 0 
7ff2540fe000-7ff254200000 rw-p 00000000 00:00 0                          [stack:4989]
7ff254200000-7ff25420f000 r--s 000df000 08:06 24907990                   /home/jalotsav/Android/Sdk/build-tools/23.0.1/lib/dx.jar
7ff25420f000-7ff254217000 rw-s 00000000 08:05 534953                     /tmp/hsperfdata_jalotsav/4985
7ff254217000-7ff254218000 rw-p 00000000 00:00 0 
7ff254218000-7ff254219000 ---p 00000000 00:00 0 
7ff254219000-7ff25421b000 rw-p 00000000 00:00 0 
7ff25421b000-7ff25421c000 r--p 00023000 08:05 2625919                    /lib/x86_64-linux-gnu/ld-2.21.so
7ff25421c000-7ff25421d000 rw-p 00024000 08:05 2625919                    /lib/x86_64-linux-gnu/ld-2.21.so
7ff25421d000-7ff25421e000 rw-p 00000000 00:00 0 
7ffe75bf3000-7ffe75c14000 rw-p 00000000 00:00 0                          [stack]
7ffe75d8d000-7ffe75d8f000 r--p 00000000 00:00 0                          [vvar]
7ffe75d8f000-7ffe75d91000 r-xp 00000000 00:00 0                          [vdso]
ffffffffff600000-ffffffffff601000 r-xp 00000000 00:00 0                  [vsyscall]

VM Arguments:
jvm_args: -javaagent:/usr/share/java/jayatanaag.jar -Xmx1024M -Dfile.encoding=UTF-8 -Duser.country=IN -Duser.language=en -Duser.variant 
java_command: com.android.dx.command.Main --dex --num-threads=4 --output /home/jalotsav/Documents/JALOTSAVDevelopment/Android_IDE_and_Workspace/StudioProjects/Aalayam/aalayam/build/intermediates/pre-dexed/debug/classes-4ce181962666e56937ed934da238001a208e4b4d.jar /home/jalotsav/Documents/JALOTSAVDevelopment/Android_IDE_and_Workspace/StudioProjects/Aalayam/aalayam/build/intermediates/exploded-aar/com.google.android.gms/play-services-ads/8.1.0/jars/classes.jar
java_class_path (initial): /home/jalotsav/Android/Sdk/build-tools/23.0.1/lib/dx.jar:/usr/share/java/jayatanaag.jar
Launcher Type: SUN_STANDARD

Environment Variables:
JAVA_TOOL_OPTIONS=-javaagent:/usr/share/java/jayatanaag.jar 
PATH=/usr/local/sbin:/usr/local/bin:/usr/sbin:/usr/bin:/sbin:/bin:/usr/games:/usr/local/games
SHELL=/bin/bash
DISPLAY=:0

Signal Handlers:
SIGSEGV: [libjvm.so+0xaba070], sa_mask[0]=11111111011111111101111111111110, sa_flags=SA_RESTART|SA_SIGINFO
SIGBUS: [libjvm.so+0xaba070], sa_mask[0]=11111111011111111101111111111110, sa_flags=SA_RESTART|SA_SIGINFO
SIGFPE: [libjvm.so+0x917630], sa_mask[0]=11111111011111111101111111111110, sa_flags=SA_RESTART|SA_SIGINFO
SIGPIPE: [libjvm.so+0x917630], sa_mask[0]=11111111011111111101111111111110, sa_flags=SA_RESTART|SA_SIGINFO
SIGXFSZ: [libjvm.so+0x917630], sa_mask[0]=11111111011111111101111111111110, sa_flags=SA_RESTART|SA_SIGINFO
SIGILL: [libjvm.so+0x917630], sa_mask[0]=11111111011111111101111111111110, sa_flags=SA_RESTART|SA_SIGINFO
SIGUSR1: SIG_DFL, sa_mask[0]=00000000000000000000000000000000, sa_flags=none
SIGUSR2: [libjvm.so+0x918c60], sa_mask[0]=00100000000000000000000000000000, sa_flags=SA_RESTART|SA_SIGINFO
SIGHUP: [libjvm.so+0x91a060], sa_mask[0]=11111111011111111101111111111110, sa_flags=SA_RESTART|SA_SIGINFO
SIGINT: [libjvm.so+0x91a060], sa_mask[0]=11111111011111111101111111111110, sa_flags=SA_RESTART|SA_SIGINFO
SIGTERM: [libjvm.so+0x91a060], sa_mask[0]=11111111011111111101111111111110, sa_flags=SA_RESTART|SA_SIGINFO
SIGQUIT: [libjvm.so+0x91a060], sa_mask[0]=11111111011111111101111111111110, sa_flags=SA_RESTART|SA_SIGINFO


---------------  S Y S T E M  ---------------

OS:DISTRIB_ID=Ubuntu
DISTRIB_RELEASE=15.04
DISTRIB_CODENAME=vivid
DISTRIB_DESCRIPTION="Ubuntu 15.04"

uname:Linux 3.19.0-15-generic #15-Ubuntu SMP Thu Apr 16 23:32:37 UTC 2015 x86_64
libc:glibc 2.21 NPTL 2.21 
rlimit: STACK 8192k, CORE 0k, NPROC 14917, NOFILE 65536, AS infinity
load average:25.30 9.15 3.97

/proc/meminfo:
MemTotal:        3841212 kB
MemFree:          104040 kB
MemAvailable:      61388 kB
Buffers:             344 kB
Cached:           138724 kB
SwapCached:        24456 kB
Active:          2638548 kB
Inactive:         925796 kB
Active(anon):    2620756 kB
Inactive(anon):   898716 kB
Active(file):      17792 kB
Inactive(file):    27080 kB
Unevictable:          84 kB
Mlocked:              84 kB
SwapTotal:       1000444 kB
SwapFree:            212 kB
Dirty:               204 kB
Writeback:             0 kB
AnonPages:       3401244 kB
Mapped:            67924 kB
Shmem:             93916 kB
Slab:              74612 kB
SReclaimable:      38760 kB
SUnreclaim:        35852 kB
KernelStack:       12368 kB
PageTables:        52892 kB
NFS_Unstable:          0 kB
Bounce:                0 kB
WritebackTmp:          0 kB
CommitLimit:     2921048 kB
Committed_AS:    9607516 kB
VmallocTotal:   34359738367 kB
VmallocUsed:      546492 kB
VmallocChunk:   34359183360 kB
HardwareCorrupted:     0 kB
AnonHugePages:   1228800 kB
CmaTotal:              0 kB
CmaFree:               0 kB
HugePages_Total:       0
HugePages_Free:        0
HugePages_Rsvd:        0
HugePages_Surp:        0
Hugepagesize:       2048 kB
DirectMap4k:      127916 kB
DirectMap2M:     3858432 kB


CPU:total 4 (2 cores per cpu, 2 threads per core) family 6 model 37 stepping 5, cmov, cx8, fxsr, mmx, sse, sse2, sse3, ssse3, sse4.1, sse4.2, popcnt, ht, tsc, tscinvbit

/proc/cpuinfo:
processor	: 0
vendor_id	: GenuineIntel
cpu family	: 6
model		: 37
model name	: Intel(R) Core(TM) i3 CPU       M 370  @ 2.40GHz
stepping	: 5
microcode	: 0x2
cpu MHz		: 2399.000
cache size	: 3072 KB
physical id	: 0
siblings	: 4
core id		: 0
cpu cores	: 2
apicid		: 0
initial apicid	: 0
fpu		: yes
fpu_exception	: yes
cpuid level	: 11
wp		: yes
flags		: fpu vme de pse tsc msr pae mce cx8 apic sep mtrr pge mca cmov pat pse36 clflush dts acpi mmx fxsr sse sse2 ss ht tm pbe syscall nx rdtscp lm constant_tsc arch_perfmon pebs bts rep_good nopl xtopology nonstop_tsc aperfmperf pni dtes64 monitor ds_cpl vmx est tm2 ssse3 cx16 xtpr pdcm pcid sse4_1 sse4_2 popcnt lahf_lm arat dtherm tpr_shadow vnmi flexpriority ept vpid
bugs		:
bogomips	: 4788.27
clflush size	: 64
cache_alignment	: 64
address sizes	: 36 bits physical, 48 bits virtual
power management:

processor	: 1
vendor_id	: GenuineIntel
cpu family	: 6
model		: 37
model name	: Intel(R) Core(TM) i3 CPU       M 370  @ 2.40GHz
stepping	: 5
microcode	: 0x2
cpu MHz		: 2399.000
cache size	: 3072 KB
physical id	: 0
siblings	: 4
core id		: 2
cpu cores	: 2
apicid		: 4
initial apicid	: 4
fpu		: yes
fpu_exception	: yes
cpuid level	: 11
wp		: yes
flags		: fpu vme de pse tsc msr pae mce cx8 apic sep mtrr pge mca cmov pat pse36 clflush dts acpi mmx fxsr sse sse2 ss ht tm pbe syscall nx rdtscp lm constant_tsc arch_perfmon pebs bts rep_good nopl xtopology nonstop_tsc aperfmperf pni dtes64 monitor ds_cpl vmx est tm2 ssse3 cx16 xtpr pdcm pcid sse4_1 sse4_2 popcnt lahf_lm arat dtherm tpr_shadow vnmi flexpriority ept vpid
bugs		:
bogomips	: 4788.27
clflush size	: 64
cache_alignment	: 64
address sizes	: 36 bits physical, 48 bits virtual
power management:

processor	: 2
vendor_id	: GenuineIntel
cpu family	: 6
model		: 37
model name	: Intel(R) Core(TM) i3 CPU       M 370  @ 2.40GHz
stepping	: 5
microcode	: 0x2
cpu MHz		: 2399.000
cache size	: 3072 KB
physical id	: 0
siblings	: 4
core id		: 0
cpu cores	: 2
apicid		: 1
initial apicid	: 1
fpu		: yes
fpu_exception	: yes
cpuid level	: 11
wp		: yes
flags		: fpu vme de pse tsc msr pae mce cx8 apic sep mtrr pge mca cmov pat pse36 clflush dts acpi mmx fxsr sse sse2 ss ht tm pbe syscall nx rdtscp lm constant_tsc arch_perfmon pebs bts rep_good nopl xtopology nonstop_tsc aperfmperf pni dtes64 monitor ds_cpl vmx est tm2 ssse3 cx16 xtpr pdcm pcid sse4_1 sse4_2 popcnt lahf_lm arat dtherm tpr_shadow vnmi flexpriority ept vpid
bugs		:
bogomips	: 4788.27
clflush size	: 64
cache_alignment	: 64
address sizes	: 36 bits physical, 48 bits virtual
power management:

processor	: 3
vendor_id	: GenuineIntel
cpu family	: 6
model		: 37
model name	: Intel(R) Core(TM) i3 CPU       M 370  @ 2.40GHz
stepping	: 5
microcode	: 0x2
cpu MHz		: 2399.000
cache size	: 3072 KB
physical id	: 0
siblings	: 4
core id		: 2
cpu cores	: 2
apicid		: 5
initial apicid	: 5
fpu		: yes
fpu_exception	: yes
cpuid level	: 11
wp		: yes
flags		: fpu vme de pse tsc msr pae mce cx8 apic sep mtrr pge mca cmov pat pse36 clflush dts acpi mmx fxsr sse sse2 ss ht tm pbe syscall nx rdtscp lm constant_tsc arch_perfmon pebs bts rep_good nopl xtopology nonstop_tsc aperfmperf pni dtes64 monitor ds_cpl vmx est tm2 ssse3 cx16 xtpr pdcm pcid sse4_1 sse4_2 popcnt lahf_lm arat dtherm tpr_shadow vnmi flexpriority ept vpid
bugs		:
bogomips	: 4788.27
clflush size	: 64
cache_alignment	: 64
address sizes	: 36 bits physical, 48 bits virtual
power management:



Memory: 4k page, physical 3841212k(104040k free), swap 1000444k(212k free)

vm_info: Java HotSpot(TM) 64-Bit Server VM (25.60-b23) for linux-amd64 JRE (1.8.0_60-b27), built on Aug  4 2015 12:19:40 by "java_re" with gcc 4.3.0 20080428 (Red Hat 4.3.0-8)

time: Sun Oct 25 13:04:20 2015
elapsed time: 66 seconds (0d 0h 1m 6s)

