#
# There is insufficient memory for the Java Runtime Environment to continue.
# Native memory allocation (mmap) failed to map 96468992 bytes for committing reserved memory.
# Possible reasons:
#   The system is out of physical RAM or swap space
#   In 32 bit mode, the process size limit was hit
# Possible solutions:
#   Reduce memory load on the system
#   Increase physical memory or swap space
#   Check if swap backing store is full
#   Use 64 bit Java on a 64 bit OS
#   Decrease Java heap size (-Xmx/-Xms)
#   Decrease number of Java threads
#   Decrease Java thread stack sizes (-Xss)
#   Set larger code cache with -XX:ReservedCodeCacheSize=
# This output file may be truncated or incomplete.
#
#  Out of Memory Error (os_linux.cpp:2627), pid=15977, tid=139736614156032
#
# JRE version: Java(TM) SE Runtime Environment (8.0_60-b27) (build 1.8.0_60-b27)
# Java VM: Java HotSpot(TM) 64-Bit Server VM (25.60-b23 mixed mode linux-amd64 compressed oops)
# Failed to write core dump. Core dumps have been disabled. To enable core dumping, try "ulimit -c unlimited" before starting Java again
#

---------------  T H R E A D  ---------------

Current thread (0x00007f170c078000):  VMThread [stack: 0x00007f16f72fb000,0x00007f16f73fc000] [id=16023]

Stack: [0x00007f16f72fb000,0x00007f16f73fc000],  sp=0x00007f16f73fa0a0,  free space=1020k
Native frames: (J=compiled Java code, j=interpreted, Vv=VM code, C=native code)
V  [libjvm.so+0xab97ea]  VMError::report_and_die()+0x2ba
V  [libjvm.so+0x4f9dab]  report_vm_out_of_memory(char const*, int, unsigned long, VMErrorType, char const*)+0x8b
V  [libjvm.so+0x91a7c3]  os::Linux::commit_memory_impl(char*, unsigned long, bool)+0x103
V  [libjvm.so+0x91ad19]  os::pd_commit_memory(char*, unsigned long, unsigned long, bool)+0x29
V  [libjvm.so+0x91502a]  os::commit_memory(char*, unsigned long, unsigned long, bool)+0x2a
V  [libjvm.so+0x9886d3]  PSVirtualSpace::expand_by(unsigned long)+0x53
V  [libjvm.so+0x989ad8]  PSYoungGen::resize_generation(unsigned long, unsigned long)+0xf8
V  [libjvm.so+0x988c32]  PSYoungGen::resize(unsigned long, unsigned long)+0x22
V  [libjvm.so+0x985f0b]  PSScavenge::invoke_no_policy()+0xf3b
V  [libjvm.so+0x986691]  PSScavenge::invoke()+0x41
V  [libjvm.so+0x93e430]  ParallelScavengeHeap::failed_mem_allocate(unsigned long)+0x70
V  [libjvm.so+0xabb207]  VM_ParallelGCFailedAllocation::doit()+0x97
V  [libjvm.so+0xac2c35]  VM_Operation::evaluate()+0x55
V  [libjvm.so+0xac100a]  VMThread::evaluate_operation(VM_Operation*)+0xba
V  [libjvm.so+0xac138e]  VMThread::loop()+0x1ce
V  [libjvm.so+0xac1800]  VMThread::run()+0x70
V  [libjvm.so+0x91cb88]  java_start(Thread*)+0x108

VM_Operation (0x00007f16f620ccc0): ParallelGCFailedAllocation, mode: safepoint, requested by thread 0x00007f170c134000


---------------  P R O C E S S  ---------------

Java Threads: ( => current thread )
  0x00007f170c134000 JavaThread "pool-2-thread-2" [_thread_blocked, id=16069, stack(0x00007f16f610e000,0x00007f16f620f000)]
  0x00007f170c12c000 JavaThread "pool-3-thread-1" [_thread_blocked, id=16059, stack(0x00007f16f620f000,0x00007f16f6310000)]
  0x00007f170c0c2800 JavaThread "Service Thread" daemon [_thread_blocked, id=16052, stack(0x00007f16f6512000,0x00007f16f6613000)]
  0x00007f170c0bd800 JavaThread "C1 CompilerThread2" daemon [_thread_blocked, id=16039, stack(0x00007f16f6613000,0x00007f16f6714000)]
  0x00007f170c0bb800 JavaThread "C2 CompilerThread1" daemon [_thread_blocked, id=16038, stack(0x00007f16f6714000,0x00007f16f6815000)]
  0x00007f170c0b8800 JavaThread "C2 CompilerThread0" daemon [_thread_blocked, id=16036, stack(0x00007f16f6815000,0x00007f16f6916000)]
  0x00007f170c0b7000 JavaThread "Signal Dispatcher" daemon [_thread_blocked, id=16034, stack(0x00007f16f6916000,0x00007f16f6a17000)]
  0x00007f170c07f800 JavaThread "Finalizer" daemon [_thread_blocked, id=16029, stack(0x00007f16f70f9000,0x00007f16f71fa000)]
  0x00007f170c07d000 JavaThread "Reference Handler" daemon [_thread_blocked, id=16026, stack(0x00007f16f71fa000,0x00007f16f72fb000)]
  0x00007f170c00a000 JavaThread "main" [_thread_blocked, id=16004, stack(0x00007f1713851000,0x00007f1713952000)]

Other Threads:
=>0x00007f170c078000 VMThread [stack: 0x00007f16f72fb000,0x00007f16f73fc000] [id=16023]
  0x00007f170c0c5800 WatcherThread [stack: 0x00007f16f6411000,0x00007f16f6512000] [id=16053]

VM state:at safepoint (normal execution)

VM Mutex/Monitor currently owned by a thread:  ([mutex/lock_event])
[0x00007f170c006590] Threads_lock - owner thread: 0x00007f170c078000
[0x00007f170c006a90] Heap_lock - owner thread: 0x00007f170c134000

Heap:
 PSYoungGen      total 64000K, used 2530K [0x00000000eab00000, 0x00000000eec00000, 0x0000000100000000)
  eden space 61440K, 0% used [0x00000000eab00000,0x00000000eab00000,0x00000000ee700000)
  from space 2560K, 98% used [0x00000000ee700000,0x00000000ee978900,0x00000000ee980000)
  to   space 2560K, 0% used [0x00000000ee980000,0x00000000ee980000,0x00000000eec00000)
 ParOldGen       total 40960K, used 36873K [0x00000000c0000000, 0x00000000c2800000, 0x00000000eab00000)
  object space 40960K, 90% used [0x00000000c0000000,0x00000000c24024a8,0x00000000c2800000)
 Metaspace       used 5789K, capacity 6960K, committed 7040K, reserved 1056768K
  class space    used 575K, capacity 616K, committed 640K, reserved 1048576K

Card table byte_map: [0x00007f1710417000,0x00007f1710618000] byte_map_base: 0x00007f170fe17000

Marking Bits: (ParMarkBitMap*) 0x00007f1712d27de0
 Begin Bits: [0x00007f16f2dfe000, 0x00007f16f3dfe000)
 End Bits:   [0x00007f16f3dfe000, 0x00007f16f4dfe000)

Polling page: 0x00007f1713975000

CodeCache: size=245760Kb used=5554Kb max_used=5554Kb free=240205Kb
 bounds [0x00007f16fd000000, 0x00007f16fd580000, 0x00007f170c000000]
 total_blobs=1563 nmethods=1303 adapters=175
 compilation: enabled

Compilation events (10 events):
Event: 13.527 Thread 0x00007f170c0bd800 nmethod 1486 0x00007f16fd54ec10 code [0x00007f16fd54eda0, 0x00007f16fd54f430]
Event: 13.540 Thread 0x00007f170c0bd800 1487 %     3       com.android.dx.rop.code.LocalVariableExtractor::doit @ 8 (49 bytes)
Event: 13.541 Thread 0x00007f170c0bd800 nmethod 1487% 0x00007f16fd569a50 code [0x00007f16fd569c00, 0x00007f16fd56a0f8]
Event: 13.542 Thread 0x00007f170c0bd800 1488       3       com.android.dx.rop.code.LocalVariableExtractor::doit (49 bytes)
Event: 13.542 Thread 0x00007f170c0bd800 nmethod 1488 0x00007f16fd569190 code [0x00007f16fd569340, 0x00007f16fd5697f8]
Event: 13.548 Thread 0x00007f170c0bd800 1489 %     3       com.android.dx.dex.code.BlockAddresses::setupArrays @ 13 (113 bytes)
Event: 13.551 Thread 0x00007f170c0bd800 nmethod 1489% 0x00007f16fd566590 code [0x00007f16fd566860, 0x00007f16fd568318]
Event: 13.552 Thread 0x00007f170c0bd800 1490       3       com.android.dx.dex.code.BlockAddresses::setupArrays (113 bytes)
Event: 13.555 Thread 0x00007f170c0bd800 nmethod 1490 0x00007f16fd56e3d0 code [0x00007f16fd56e6a0, 0x00007f16fd5700b8]
Event: 13.556 Thread 0x00007f170c0bd800 1492       1       com.android.dx.rop.code.Insn$BaseVisitor::visitThrowingInsn (1 bytes)

GC Heap History (9 events):
Event: 4.595 GC heap before
{Heap before GC invocations=1 (full 0):
 PSYoungGen      total 17920K, used 15360K [0x00000000eab00000, 0x00000000ebf00000, 0x0000000100000000)
  eden space 15360K, 100% used [0x00000000eab00000,0x00000000eba00000,0x00000000eba00000)
  from space 2560K, 0% used [0x00000000ebc80000,0x00000000ebc80000,0x00000000ebf00000)
  to   space 2560K, 0% used [0x00000000eba00000,0x00000000eba00000,0x00000000ebc80000)
 ParOldGen       total 40960K, used 0K [0x00000000c0000000, 0x00000000c2800000, 0x00000000eab00000)
  object space 40960K, 0% used [0x00000000c0000000,0x00000000c0000000,0x00000000c2800000)
 Metaspace       used 5443K, capacity 6704K, committed 6784K, reserved 1056768K
  class space    used 567K, capacity 616K, committed 640K, reserved 1048576K
Event: 5.058 GC heap after
Heap after GC invocations=1 (full 0):
 PSYoungGen      total 17920K, used 2535K [0x00000000eab00000, 0x00000000ece00000, 0x0000000100000000)
  eden space 15360K, 0% used [0x00000000eab00000,0x00000000eab00000,0x00000000eba00000)
  from space 2560K, 99% used [0x00000000eba00000,0x00000000ebc79fd8,0x00000000ebc80000)
  to   space 2560K, 0% used [0x00000000ecb80000,0x00000000ecb80000,0x00000000ece00000)
 ParOldGen       total 40960K, used 1954K [0x00000000c0000000, 0x00000000c2800000, 0x00000000eab00000)
  object space 40960K, 4% used [0x00000000c0000000,0x00000000c01e89f0,0x00000000c2800000)
 Metaspace       used 5443K, capacity 6704K, committed 6784K, reserved 1056768K
  class space    used 567K, capacity 616K, committed 640K, reserved 1048576K
}
Event: 6.169 GC heap before
{Heap before GC invocations=2 (full 0):
 PSYoungGen      total 17920K, used 17895K [0x00000000eab00000, 0x00000000ece00000, 0x0000000100000000)
  eden space 15360K, 100% used [0x00000000eab00000,0x00000000eba00000,0x00000000eba00000)
  from space 2560K, 99% used [0x00000000eba00000,0x00000000ebc79fd8,0x00000000ebc80000)
  to   space 2560K, 0% used [0x00000000ecb80000,0x00000000ecb80000,0x00000000ece00000)
 ParOldGen       total 40960K, used 1954K [0x00000000c0000000, 0x00000000c2800000, 0x00000000eab00000)
  object space 40960K, 4% used [0x00000000c0000000,0x00000000c01e89f0,0x00000000c2800000)
 Metaspace       used 5602K, capacity 6832K, committed 7040K, reserved 1056768K
  class space    used 572K, capacity 616K, committed 640K, reserved 1048576K
Event: 6.439 GC heap after
Heap after GC invocations=2 (full 0):
 PSYoungGen      total 33280K, used 2530K [0x00000000eab00000, 0x00000000ece00000, 0x0000000100000000)
  eden space 30720K, 0% used [0x00000000eab00000,0x00000000eab00000,0x00000000ec900000)
  from space 2560K, 98% used [0x00000000ecb80000,0x00000000ecdf8ac0,0x00000000ece00000)
  to   space 2560K, 0% used [0x00000000ec900000,0x00000000ec900000,0x00000000ecb80000)
 ParOldGen       total 40960K, used 5590K [0x00000000c0000000, 0x00000000c2800000, 0x00000000eab00000)
  object space 40960K, 13% used [0x00000000c0000000,0x00000000c0575908,0x00000000c2800000)
 Metaspace       used 5602K, capacity 6832K, committed 7040K, reserved 1056768K
  class space    used 572K, capacity 616K, committed 640K, reserved 1048576K
}
Event: 7.849 GC heap before
{Heap before GC invocations=3 (full 0):
 PSYoungGen      total 33280K, used 33250K [0x00000000eab00000, 0x00000000ece00000, 0x0000000100000000)
  eden space 30720K, 100% used [0x00000000eab00000,0x00000000ec900000,0x00000000ec900000)
  from space 2560K, 98% used [0x00000000ecb80000,0x00000000ecdf8ac0,0x00000000ece00000)
  to   space 2560K, 0% used [0x00000000ec900000,0x00000000ec900000,0x00000000ecb80000)
 ParOldGen       total 40960K, used 5590K [0x00000000c0000000, 0x00000000c2800000, 0x00000000eab00000)
  object space 40960K, 13% used [0x00000000c0000000,0x00000000c0575908,0x00000000c2800000)
 Metaspace       used 5646K, capacity 6832K, committed 7040K, reserved 1056768K
  class space    used 572K, capacity 616K, committed 640K, reserved 1048576K
Event: 8.028 GC heap after
Heap after GC invocations=3 (full 0):
 PSYoungGen      total 33280K, used 2530K [0x00000000eab00000, 0x00000000eec00000, 0x0000000100000000)
  eden space 30720K, 0% used [0x00000000eab00000,0x00000000eab00000,0x00000000ec900000)
  from space 2560K, 98% used [0x00000000ec900000,0x00000000ecb78ac0,0x00000000ecb80000)
  to   space 2560K, 0% used [0x00000000ee980000,0x00000000ee980000,0x00000000eec00000)
 ParOldGen       total 40960K, used 18428K [0x00000000c0000000, 0x00000000c2800000, 0x00000000eab00000)
  object space 40960K, 44% used [0x00000000c0000000,0x00000000c11ff170,0x00000000c2800000)
 Metaspace       used 5646K, capacity 6832K, committed 7040K, reserved 1056768K
  class space    used 572K, capacity 616K, committed 640K, reserved 1048576K
}
Event: 8.871 GC heap before
{Heap before GC invocations=4 (full 0):
 PSYoungGen      total 33280K, used 33250K [0x00000000eab00000, 0x00000000eec00000, 0x0000000100000000)
  eden space 30720K, 100% used [0x00000000eab00000,0x00000000ec900000,0x00000000ec900000)
  from space 2560K, 98% used [0x00000000ec900000,0x00000000ecb78ac0,0x00000000ecb80000)
  to   space 2560K, 0% used [0x00000000ee980000,0x00000000ee980000,0x00000000eec00000)
 ParOldGen       total 40960K, used 18428K [0x00000000c0000000, 0x00000000c2800000, 0x00000000eab00000)
  object space 40960K, 44% used [0x00000000c0000000,0x00000000c11ff170,0x00000000c2800000)
 Metaspace       used 5693K, capacity 6896K, committed 7040K, reserved 1056768K
  class space    used 575K, capacity 616K, committed 640K, reserved 1048576K
Event: 9.116 GC heap after
Heap after GC invocations=4 (full 0):
 PSYoungGen      total 64000K, used 2554K [0x00000000eab00000, 0x00000000eec00000, 0x0000000100000000)
  eden space 61440K, 0% used [0x00000000eab00000,0x00000000eab00000,0x00000000ee700000)
  from space 2560K, 99% used [0x00000000ee980000,0x00000000eebfe9b0,0x00000000eec00000)
  to   space 2560K, 0% used [0x00000000ee700000,0x00000000ee700000,0x00000000ee980000)
 ParOldGen       total 40960K, used 23477K [0x00000000c0000000, 0x00000000c2800000, 0x00000000eab00000)
  object space 40960K, 57% used [0x00000000c0000000,0x00000000c16ed6f0,0x00000000c2800000)
 Metaspace       used 5693K, capacity 6896K, committed 7040K, reserved 1056768K
  class space    used 575K, capacity 616K, committed 640K, reserved 1048576K
}
Event: 13.556 GC heap before
{Heap before GC invocations=5 (full 0):
 PSYoungGen      total 64000K, used 63994K [0x00000000eab00000, 0x00000000eec00000, 0x0000000100000000)
  eden space 61440K, 100% used [0x00000000eab00000,0x00000000ee700000,0x00000000ee700000)
  from space 2560K, 99% used [0x00000000ee980000,0x00000000eebfe9b0,0x00000000eec00000)
  to   space 2560K, 0% used [0x00000000ee700000,0x00000000ee700000,0x00000000ee980000)
 ParOldGen       total 40960K, used 23477K [0x00000000c0000000, 0x00000000c2800000, 0x00000000eab00000)
  object space 40960K, 57% used [0x00000000c0000000,0x00000000c16ed6f0,0x00000000c2800000)
 Metaspace       used 5789K, capacity 6960K, committed 7040K, reserved 1056768K
  class space    used 575K, capacity 616K, committed 640K, reserved 1048576K

Deoptimization events (10 events):
Event: 5.849 Thread 0x00007f170c00a000 Uncommon trap: reason=class_check action=maybe_recompile pc=0x00007f16fd275584 method=com.android.dx.ssa.NormalSsaInsn.accept(Lcom/android/dx/ssa/SsaInsn$Visitor;)V @ 9
Event: 5.919 Thread 0x00007f170c13e000 Uncommon trap: reason=unstable_if action=reinterpret pc=0x00007f16fd3222a4 method=com.android.dx.rop.code.RegisterSpec.equals(ILcom/android/dx/rop/type/TypeBearer;Lcom/android/dx/rop/code/LocalItem;)Z @ 16
Event: 5.920 Thread 0x00007f170c13e000 Uncommon trap: reason=unstable_if action=reinterpret pc=0x00007f16fd1fec5c method=java.util.HashMap.getNode(ILjava/lang/Object;)Ljava/util/HashMap$Node; @ 129
Event: 6.022 Thread 0x00007f170c134000 Uncommon trap: reason=class_check action=maybe_recompile pc=0x00007f16fd275584 method=com.android.dx.ssa.NormalSsaInsn.accept(Lcom/android/dx/ssa/SsaInsn$Visitor;)V @ 9
Event: 6.554 Thread 0x00007f170c13e000 Uncommon trap: reason=class_check action=maybe_recompile pc=0x00007f16fd275584 method=com.android.dx.ssa.NormalSsaInsn.accept(Lcom/android/dx/ssa/SsaInsn$Visitor;)V @ 9
Event: 6.554 Thread 0x00007f170c13e000 Uncommon trap: reason=class_check action=maybe_recompile pc=0x00007f16fd275584 method=com.android.dx.ssa.NormalSsaInsn.accept(Lcom/android/dx/ssa/SsaInsn$Visitor;)V @ 9
Event: 6.554 Thread 0x00007f170c13e000 Uncommon trap: reason=class_check action=maybe_recompile pc=0x00007f16fd20f450 method=com.android.dx.ssa.NormalSsaInsn.accept(Lcom/android/dx/ssa/SsaInsn$Visitor;)V @ 9
Event: 6.767 Thread 0x00007f170c134000 Uncommon trap: reason=unstable_if action=reinterpret pc=0x00007f16fd257f5c method=com.android.dx.rop.cst.Constant.compareTo(Lcom/android/dx/rop/cst/Constant;)I @ 12
Event: 8.528 Thread 0x00007f170c134000 Uncommon trap: reason=bimorphic action=maybe_recompile pc=0x00007f16fd3358a4 method=java.util.HashMap.getNode(ILjava/lang/Object;)Ljava/util/HashMap$Node; @ 126
Event: 8.751 Thread 0x00007f170c134000 Uncommon trap: reason=bimorphic action=maybe_recompile pc=0x00007f16fd3358a4 method=java.util.HashMap.getNode(ILjava/lang/Object;)Ljava/util/HashMap$Node; @ 126

Internal exceptions (2 events):
Event: 1.310 Thread 0x00007f170c00a000 Exception <a 'java/lang/NoSuchMethodError': Method sun.misc.Unsafe.defineClass(Ljava/lang/String;[BII)Ljava/lang/Class; name or signature does not match> (0x00000000eab12b90) thrown at [/HUDSON/workspace/8-2-build-linux-amd64/jdk8u60/4407/hotspot/src/shar
Event: 1.310 Thread 0x00007f170c00a000 Exception <a 'java/lang/NoSuchMethodError': Method sun.misc.Unsafe.prefetchRead(Ljava/lang/Object;J)V name or signature does not match> (0x00000000eab12e78) thrown at [/HUDSON/workspace/8-2-build-linux-amd64/jdk8u60/4407/hotspot/src/share/vm/prims/jni.cpp

Events (10 events):
Event: 13.425 Thread 0x00007f170c134000 DEOPT UNPACKING pc=0x00007f16fd047233 sp=0x00007f16f620cae8 mode 0
Event: 13.465 Thread 0x00007f170c134000 DEOPT PACKING pc=0x00007f16fd4a3e40 sp=0x00007f16f620cee0
Event: 13.465 Thread 0x00007f170c134000 DEOPT UNPACKING pc=0x00007f16fd047233 sp=0x00007f16f620cc68 mode 0
Event: 13.527 Thread 0x00007f170c134000 DEOPT PACKING pc=0x00007f16fd458a4f sp=0x00007f16f620cfd0
Event: 13.527 Thread 0x00007f170c134000 DEOPT UNPACKING pc=0x00007f16fd047233 sp=0x00007f16f620cd10 mode 0
Event: 13.542 Thread 0x00007f170c134000 DEOPT PACKING pc=0x00007f16fd469483 sp=0x00007f16f620d0c0
Event: 13.542 Thread 0x00007f170c134000 DEOPT UNPACKING pc=0x00007f16fd047233 sp=0x00007f16f620ce38 mode 0
Event: 13.551 Thread 0x00007f170c134000 DEOPT PACKING pc=0x00007f16fd4c47ac sp=0x00007f16f620ced0
Event: 13.551 Thread 0x00007f170c134000 DEOPT UNPACKING pc=0x00007f16fd047233 sp=0x00007f16f620ccc8 mode 0
Event: 13.556 Executing VM operation: ParallelGCFailedAllocation


Dynamic libraries:
00400000-00401000 r-xp 00000000 08:05 663797                             /usr/lib/jvm/java-8-oracle/bin/java
00600000-00601000 rw-p 00000000 08:05 663797                             /usr/lib/jvm/java-8-oracle/bin/java
01b60000-01b81000 rw-p 00000000 00:00 0                                  [heap]
c0000000-c2800000 rw-p 00000000 00:00 0 
c2800000-eab00000 ---p 00000000 00:00 0 
eab00000-eec00000 rw-p 00000000 00:00 0 
f4800000-100000000 ---p 00000000 00:00 0 
100000000-1000a0000 rw-p 00000000 00:00 0 
1000a0000-140000000 ---p 00000000 00:00 0 
7f16a4000000-7f16a4021000 rw-p 00000000 00:00 0 
7f16a4021000-7f16a8000000 ---p 00000000 00:00 0 
7f16ac000000-7f16ac021000 rw-p 00000000 00:00 0 
7f16ac021000-7f16b0000000 ---p 00000000 00:00 0 
7f16b0000000-7f16b0051000 rw-p 00000000 00:00 0 
7f16b0051000-7f16b4000000 ---p 00000000 00:00 0 
7f16b4000000-7f16b403b000 rw-p 00000000 00:00 0 
7f16b403b000-7f16b8000000 ---p 00000000 00:00 0 
7f16b8000000-7f16b8021000 rw-p 00000000 00:00 0 
7f16b8021000-7f16bc000000 ---p 00000000 00:00 0 
7f16bc000000-7f16bc021000 rw-p 00000000 00:00 0 
7f16bc021000-7f16c0000000 ---p 00000000 00:00 0 
7f16c0000000-7f16c0021000 rw-p 00000000 00:00 0 
7f16c0021000-7f16c4000000 ---p 00000000 00:00 0 
7f16c4000000-7f16c4a0b000 rw-p 00000000 00:00 0 
7f16c4a0b000-7f16c8000000 ---p 00000000 00:00 0 
7f16c8000000-7f16c88b6000 rw-p 00000000 00:00 0 
7f16c88b6000-7f16cc000000 ---p 00000000 00:00 0 
7f16cc000000-7f16cc021000 rw-p 00000000 00:00 0 
7f16cc021000-7f16d0000000 ---p 00000000 00:00 0 
7f16d0000000-7f16d1314000 rw-p 00000000 00:00 0 
7f16d1314000-7f16d4000000 ---p 00000000 00:00 0 
7f16d4000000-7f16d4021000 rw-p 00000000 00:00 0 
7f16d4021000-7f16d8000000 ---p 00000000 00:00 0 
7f16d8000000-7f16d8021000 rw-p 00000000 00:00 0 
7f16d8021000-7f16dc000000 ---p 00000000 00:00 0 
7f16dc000000-7f16dc021000 rw-p 00000000 00:00 0 
7f16dc021000-7f16e0000000 ---p 00000000 00:00 0 
7f16e0000000-7f16e028b000 rw-p 00000000 00:00 0 
7f16e028b000-7f16e4000000 ---p 00000000 00:00 0 
7f16e4000000-7f16e4021000 rw-p 00000000 00:00 0 
7f16e4021000-7f16e8000000 ---p 00000000 00:00 0 
7f16ec000000-7f16ec021000 rw-p 00000000 00:00 0 
7f16ec021000-7f16f0000000 ---p 00000000 00:00 0 
7f16f2bfe000-7f16f4dfe000 rw-p 00000000 00:00 0 
7f16f5f0c000-7f16f5f0f000 ---p 00000000 00:00 0 
7f16f5f0f000-7f16f600d000 rw-p 00000000 00:00 0 
7f16f600d000-7f16f6010000 ---p 00000000 00:00 0 
7f16f6010000-7f16f610e000 rw-p 00000000 00:00 0 
7f16f610e000-7f16f6111000 ---p 00000000 00:00 0 
7f16f6111000-7f16f620f000 rw-p 00000000 00:00 0 
7f16f620f000-7f16f6212000 ---p 00000000 00:00 0 
7f16f6212000-7f16f6310000 rw-p 00000000 00:00 0 
7f16f6310000-7f16f6313000 ---p 00000000 00:00 0 
7f16f6313000-7f16f6411000 rw-p 00000000 00:00 0 
7f16f6411000-7f16f6412000 ---p 00000000 00:00 0 
7f16f6412000-7f16f6512000 rw-p 00000000 00:00 0 
7f16f6512000-7f16f6515000 ---p 00000000 00:00 0 
7f16f6515000-7f16f6613000 rw-p 00000000 00:00 0 
7f16f6613000-7f16f6616000 ---p 00000000 00:00 0 
7f16f6616000-7f16f6714000 rw-p 00000000 00:00 0 
7f16f6714000-7f16f6717000 ---p 00000000 00:00 0 
7f16f6717000-7f16f6815000 rw-p 00000000 00:00 0 
7f16f6815000-7f16f6818000 ---p 00000000 00:00 0 
7f16f6818000-7f16f6916000 rw-p 00000000 00:00 0 
7f16f6916000-7f16f6919000 ---p 00000000 00:00 0 
7f16f6919000-7f16f6a17000 rw-p 00000000 00:00 0 
7f16f6a17000-7f16f70f9000 r--p 00000000 08:05 402073                     /usr/lib/locale/locale-archive
7f16f70f9000-7f16f70fc000 ---p 00000000 00:00 0 
7f16f70fc000-7f16f71fa000 rw-p 00000000 00:00 0 
7f16f71fa000-7f16f71fd000 ---p 00000000 00:00 0 
7f16f71fd000-7f16f72fb000 rw-p 00000000 00:00 0 
7f16f72fb000-7f16f72fc000 ---p 00000000 00:00 0 
7f16f72fc000-7f16f7e40000 rw-p 00000000 00:00 0 
7f16f7e40000-7f16f8000000 ---p 00000000 00:00 0 
7f16f8000000-7f16f8021000 rw-p 00000000 00:00 0 
7f16f8021000-7f16fc000000 ---p 00000000 00:00 0 
7f16fc0aa000-7f16fc0b8000 r--s 000e0000 08:06 10224065                   /home/jalotsav/Android/Sdk/build-tools/24.0.0/lib/dx.jar
7f16fc0b8000-7f16fcc26000 rw-p 00000000 00:00 0 
7f16fcc26000-7f16fcdfe000 r--s 03d17000 08:05 663704                     /usr/lib/jvm/java-8-oracle/jre/lib/rt.jar
7f16fcdfe000-7f16fcdff000 ---p 00000000 00:00 0 
7f16fcdff000-7f16fceff000 rw-p 00000000 00:00 0 
7f16fceff000-7f16fcf00000 ---p 00000000 00:00 0 
7f16fcf00000-7f16fd000000 rw-p 00000000 00:00 0 
7f16fd000000-7f16fd580000 rwxp 00000000 00:00 0 
7f16fd580000-7f170c000000 ---p 00000000 00:00 0 
7f170c000000-7f170c3a4000 rw-p 00000000 00:00 0 
7f170c3a4000-7f1710000000 ---p 00000000 00:00 0 
7f1710007000-7f17100bf000 rw-p 00000000 00:00 0 
7f17100bf000-7f17100c0000 ---p 00000000 00:00 0 
7f17100c0000-7f17101c0000 rw-p 00000000 00:00 0 
7f17101c0000-7f17101c1000 ---p 00000000 00:00 0 
7f17101c1000-7f17102d5000 rw-p 00000000 00:00 0 
7f17102d5000-7f1710417000 ---p 00000000 00:00 0 
7f1710417000-7f171042b000 rw-p 00000000 00:00 0 
7f171042b000-7f171056c000 ---p 00000000 00:00 0 
7f171056c000-7f171058d000 rw-p 00000000 00:00 0 
7f171058d000-7f1710617000 ---p 00000000 00:00 0 
7f1710617000-7f171062e000 rw-p 00000000 00:00 0 
7f171062e000-7f17109d8000 ---p 00000000 00:00 0 
7f17109d8000-7f17109f2000 r-xp 00000000 08:05 663654                     /usr/lib/jvm/java-8-oracle/jre/lib/amd64/libzip.so
7f17109f2000-7f1710bf2000 ---p 0001a000 08:05 663654                     /usr/lib/jvm/java-8-oracle/jre/lib/amd64/libzip.so
7f1710bf2000-7f1710bf3000 rw-p 0001a000 08:05 663654                     /usr/lib/jvm/java-8-oracle/jre/lib/amd64/libzip.so
7f1710bf3000-7f1710bfd000 r-xp 00000000 08:05 2639666                    /lib/x86_64-linux-gnu/libnss_files-2.21.so
7f1710bfd000-7f1710dfd000 ---p 0000a000 08:05 2639666                    /lib/x86_64-linux-gnu/libnss_files-2.21.so
7f1710dfd000-7f1710dfe000 r--p 0000a000 08:05 2639666                    /lib/x86_64-linux-gnu/libnss_files-2.21.so
7f1710dfe000-7f1710dff000 rw-p 0000b000 08:05 2639666                    /lib/x86_64-linux-gnu/libnss_files-2.21.so
7f1710dff000-7f1710e0a000 r-xp 00000000 08:05 2639680                    /lib/x86_64-linux-gnu/libnss_nis-2.21.so
7f1710e0a000-7f1711009000 ---p 0000b000 08:05 2639680                    /lib/x86_64-linux-gnu/libnss_nis-2.21.so
7f1711009000-7f171100a000 r--p 0000a000 08:05 2639680                    /lib/x86_64-linux-gnu/libnss_nis-2.21.so
7f171100a000-7f171100b000 rw-p 0000b000 08:05 2639680                    /lib/x86_64-linux-gnu/libnss_nis-2.21.so
7f171100b000-7f1711022000 r-xp 00000000 08:05 2639683                    /lib/x86_64-linux-gnu/libnsl-2.21.so
7f1711022000-7f1711221000 ---p 00017000 08:05 2639683                    /lib/x86_64-linux-gnu/libnsl-2.21.so
7f1711221000-7f1711222000 r--p 00016000 08:05 2639683                    /lib/x86_64-linux-gnu/libnsl-2.21.so
7f1711222000-7f1711223000 rw-p 00017000 08:05 2639683                    /lib/x86_64-linux-gnu/libnsl-2.21.so
7f1711223000-7f1711225000 rw-p 00000000 00:00 0 
7f1711225000-7f171122d000 r-xp 00000000 08:05 2639668                    /lib/x86_64-linux-gnu/libnss_compat-2.21.so
7f171122d000-7f171142c000 ---p 00008000 08:05 2639668                    /lib/x86_64-linux-gnu/libnss_compat-2.21.so
7f171142c000-7f171142d000 r--p 00007000 08:05 2639668                    /lib/x86_64-linux-gnu/libnss_compat-2.21.so
7f171142d000-7f171142e000 rw-p 00008000 08:05 2639668                    /lib/x86_64-linux-gnu/libnss_compat-2.21.so
7f171142e000-7f1711458000 r-xp 00000000 08:05 663632                     /usr/lib/jvm/java-8-oracle/jre/lib/amd64/libjava.so
7f1711458000-7f1711658000 ---p 0002a000 08:05 663632                     /usr/lib/jvm/java-8-oracle/jre/lib/amd64/libjava.so
7f1711658000-7f171165a000 rw-p 0002a000 08:05 663632                     /usr/lib/jvm/java-8-oracle/jre/lib/amd64/libjava.so
7f171165a000-7f1711667000 r-xp 00000000 08:05 663648                     /usr/lib/jvm/java-8-oracle/jre/lib/amd64/libverify.so
7f1711667000-7f1711867000 ---p 0000d000 08:05 663648                     /usr/lib/jvm/java-8-oracle/jre/lib/amd64/libverify.so
7f1711867000-7f1711869000 rw-p 0000d000 08:05 663648                     /usr/lib/jvm/java-8-oracle/jre/lib/amd64/libverify.so
7f1711869000-7f1711870000 r-xp 00000000 08:05 2639667                    /lib/x86_64-linux-gnu/librt-2.21.so
7f1711870000-7f1711a6f000 ---p 00007000 08:05 2639667                    /lib/x86_64-linux-gnu/librt-2.21.so
7f1711a6f000-7f1711a70000 r--p 00006000 08:05 2639667                    /lib/x86_64-linux-gnu/librt-2.21.so
7f1711a70000-7f1711a71000 rw-p 00007000 08:05 2639667                    /lib/x86_64-linux-gnu/librt-2.21.so
7f1711a71000-7f1711b78000 r-xp 00000000 08:05 2639669                    /lib/x86_64-linux-gnu/libm-2.21.so
7f1711b78000-7f1711d77000 ---p 00107000 08:05 2639669                    /lib/x86_64-linux-gnu/libm-2.21.so
7f1711d77000-7f1711d78000 r--p 00106000 08:05 2639669                    /lib/x86_64-linux-gnu/libm-2.21.so
7f1711d78000-7f1711d79000 rw-p 00107000 08:05 2639669                    /lib/x86_64-linux-gnu/libm-2.21.so
7f1711d79000-7f1712a37000 r-xp 00000000 08:05 663670                     /usr/lib/jvm/java-8-oracle/jre/lib/amd64/server/libjvm.so
7f1712a37000-7f1712c36000 ---p 00cbe000 08:05 663670                     /usr/lib/jvm/java-8-oracle/jre/lib/amd64/server/libjvm.so
7f1712c36000-7f1712d0e000 rw-p 00cbd000 08:05 663670                     /usr/lib/jvm/java-8-oracle/jre/lib/amd64/server/libjvm.so
7f1712d0e000-7f1712d53000 rw-p 00000000 00:00 0 
7f1712d53000-7f1712f13000 r-xp 00000000 08:05 2639686                    /lib/x86_64-linux-gnu/libc-2.21.so
7f1712f13000-7f1713113000 ---p 001c0000 08:05 2639686                    /lib/x86_64-linux-gnu/libc-2.21.so
7f1713113000-7f1713117000 r--p 001c0000 08:05 2639686                    /lib/x86_64-linux-gnu/libc-2.21.so
7f1713117000-7f1713119000 rw-p 001c4000 08:05 2639686                    /lib/x86_64-linux-gnu/libc-2.21.so
7f1713119000-7f171311d000 rw-p 00000000 00:00 0 
7f171311d000-7f1713120000 r-xp 00000000 08:05 2639673                    /lib/x86_64-linux-gnu/libdl-2.21.so
7f1713120000-7f171331f000 ---p 00003000 08:05 2639673                    /lib/x86_64-linux-gnu/libdl-2.21.so
7f171331f000-7f1713320000 r--p 00002000 08:05 2639673                    /lib/x86_64-linux-gnu/libdl-2.21.so
7f1713320000-7f1713321000 rw-p 00003000 08:05 2639673                    /lib/x86_64-linux-gnu/libdl-2.21.so
7f1713321000-7f1713336000 r-xp 00000000 08:05 534170                     /usr/lib/jvm/java-8-oracle/lib/amd64/jli/libjli.so
7f1713336000-7f1713536000 ---p 00015000 08:05 534170                     /usr/lib/jvm/java-8-oracle/lib/amd64/jli/libjli.so
7f1713536000-7f1713537000 rw-p 00015000 08:05 534170                     /usr/lib/jvm/java-8-oracle/lib/amd64/jli/libjli.so
7f1713537000-7f171354f000 r-xp 00000000 08:05 2639670                    /lib/x86_64-linux-gnu/libpthread-2.21.so
7f171354f000-7f171374f000 ---p 00018000 08:05 2639670                    /lib/x86_64-linux-gnu/libpthread-2.21.so
7f171374f000-7f1713750000 r--p 00018000 08:05 2639670                    /lib/x86_64-linux-gnu/libpthread-2.21.so
7f1713750000-7f1713751000 rw-p 00019000 08:05 2639670                    /lib/x86_64-linux-gnu/libpthread-2.21.so
7f1713751000-7f1713755000 rw-p 00000000 00:00 0 
7f1713755000-7f1713779000 r-xp 00000000 08:05 2639684                    /lib/x86_64-linux-gnu/ld-2.21.so
7f171377f000-7f1713851000 rw-p 00000000 00:00 0 
7f1713851000-7f1713854000 ---p 00000000 00:00 0 
7f1713854000-7f1713956000 rw-p 00000000 00:00 0 
7f1713957000-7f171396c000 rw-p 00000000 00:00 0 
7f171396c000-7f1713974000 rw-s 00000000 08:05 551257                     /tmp/hsperfdata_jalotsav/15977
7f1713974000-7f1713975000 rw-p 00000000 00:00 0 
7f1713975000-7f1713976000 ---p 00000000 00:00 0 
7f1713976000-7f1713978000 rw-p 00000000 00:00 0 
7f1713978000-7f1713979000 r--p 00023000 08:05 2639684                    /lib/x86_64-linux-gnu/ld-2.21.so
7f1713979000-7f171397a000 rw-p 00024000 08:05 2639684                    /lib/x86_64-linux-gnu/ld-2.21.so
7f171397a000-7f171397b000 rw-p 00000000 00:00 0 
7ffde0332000-7ffde0353000 rw-p 00000000 00:00 0                          [stack]
7ffde03f9000-7ffde03fb000 r--p 00000000 00:00 0                          [vvar]
7ffde03fb000-7ffde03fd000 r-xp 00000000 00:00 0                          [vdso]
ffffffffff600000-ffffffffff601000 r-xp 00000000 00:00 0                  [vsyscall]

VM Arguments:
jvm_args: -Djava.awt.headless=true -Xmx1024M -Dfile.encoding=UTF-8 -Duser.country=IN -Duser.language=en -Duser.variant 
java_command: com.android.dx.command.Main --dex --force-jumbo --num-threads=4 --multi-dex --output /home/jalotsav/Documents/JALOTSAVDevelopment/Android_IDE_and_Workspace/StudioProjects/Aalayam/aalayam/build/intermediates/transforms/dex/debug/folders/1000/5/slice_6 /home/jalotsav/Documents/JALOTSAVDevelopment/Android_IDE_and_Workspace/StudioProjects/Aalayam/aalayam/build/intermediates/transforms/instantRunSlicer/debug/folders/1/5/slice_6
java_class_path (initial): /home/jalotsav/Android/Sdk/build-tools/24.0.0/lib/dx.jar
Launcher Type: SUN_STANDARD

Environment Variables:
PATH=/usr/local/sbin:/usr/local/bin:/usr/sbin:/usr/bin:/sbin:/bin:/usr/games:/usr/local/games
LD_LIBRARY_PATH=.:
SHELL=/bin/bash
DISPLAY=:0

Signal Handlers:
SIGSEGV: [libjvm.so+0xaba070], sa_mask[0]=11111111011111111101111111111110, sa_flags=SA_RESTART|SA_SIGINFO
SIGBUS: [libjvm.so+0xaba070], sa_mask[0]=11111111011111111101111111111110, sa_flags=SA_RESTART|SA_SIGINFO
SIGFPE: [libjvm.so+0x917630], sa_mask[0]=11111111011111111101111111111110, sa_flags=SA_RESTART|SA_SIGINFO
SIGPIPE: [libjvm.so+0x917630], sa_mask[0]=11111111011111111101111111111110, sa_flags=SA_RESTART|SA_SIGINFO
SIGXFSZ: [libjvm.so+0x917630], sa_mask[0]=11111111011111111101111111111110, sa_flags=SA_RESTART|SA_SIGINFO
SIGILL: [libjvm.so+0x917630], sa_mask[0]=11111111011111111101111111111110, sa_flags=SA_RESTART|SA_SIGINFO
SIGUSR1: SIG_DFL, sa_mask[0]=00000000000000000000000000000000, sa_flags=none
SIGUSR2: [libjvm.so+0x918c60], sa_mask[0]=00100000000000000000000000000000, sa_flags=SA_RESTART|SA_SIGINFO
SIGHUP: [libjvm.so+0x91a060], sa_mask[0]=11111111011111111101111111111110, sa_flags=SA_RESTART|SA_SIGINFO
SIGINT: [libjvm.so+0x91a060], sa_mask[0]=11111111011111111101111111111110, sa_flags=SA_RESTART|SA_SIGINFO
SIGTERM: [libjvm.so+0x91a060], sa_mask[0]=11111111011111111101111111111110, sa_flags=SA_RESTART|SA_SIGINFO
SIGQUIT: [libjvm.so+0x91a060], sa_mask[0]=11111111011111111101111111111110, sa_flags=SA_RESTART|SA_SIGINFO


---------------  S Y S T E M  ---------------

OS:DISTRIB_ID=Ubuntu
DISTRIB_RELEASE=15.10
DISTRIB_CODENAME=wily
DISTRIB_DESCRIPTION="Ubuntu 15.10"

uname:Linux 4.2.0-42-generic #49-Ubuntu SMP Tue Jun 28 21:26:26 UTC 2016 x86_64
libc:glibc 2.21 NPTL 2.21 
rlimit: STACK 8192k, CORE 0k, NPROC 14860, NOFILE 65536, AS infinity
load average:10.38 4.56 4.03

/proc/meminfo:
MemTotal:        3840932 kB
MemFree:          104636 kB
MemAvailable:      54616 kB
Buffers:            1120 kB
Cached:           359668 kB
SwapCached:         7632 kB
Active:          2589416 kB
Inactive:         967092 kB
Active(anon):    2582452 kB
Inactive(anon):   950604 kB
Active(file):       6964 kB
Inactive(file):    16488 kB
Unevictable:         172 kB
Mlocked:             172 kB
SwapTotal:       1000444 kB
SwapFree:             60 kB
Dirty:               168 kB
Writeback:             0 kB
AnonPages:       3188884 kB
Mapped:           284076 kB
Shmem:            337216 kB
Slab:              84584 kB
SReclaimable:      45436 kB
SUnreclaim:        39148 kB
KernelStack:       11648 kB
PageTables:        47840 kB
NFS_Unstable:          0 kB
Bounce:                0 kB
WritebackTmp:          0 kB
CommitLimit:     2920908 kB
Committed_AS:    8908848 kB
VmallocTotal:   34359738367 kB
VmallocUsed:      546328 kB
VmallocChunk:   34358423548 kB
HardwareCorrupted:     0 kB
AnonHugePages:   1323008 kB
CmaTotal:              0 kB
CmaFree:               0 kB
HugePages_Total:       0
HugePages_Free:        0
HugePages_Rsvd:        0
HugePages_Surp:        0
Hugepagesize:       2048 kB
DirectMap4k:      181164 kB
DirectMap2M:     3805184 kB


CPU:total 4 (2 cores per cpu, 2 threads per core) family 6 model 37 stepping 5, cmov, cx8, fxsr, mmx, sse, sse2, sse3, ssse3, sse4.1, sse4.2, popcnt, ht, tsc, tscinvbit

/proc/cpuinfo:
processor	: 0
vendor_id	: GenuineIntel
cpu family	: 6
model		: 37
model name	: Intel(R) Core(TM) i3 CPU       M 370  @ 2.40GHz
stepping	: 5
microcode	: 0x2
cpu MHz		: 2399.000
cache size	: 3072 KB
physical id	: 0
siblings	: 4
core id		: 0
cpu cores	: 2
apicid		: 0
initial apicid	: 0
fpu		: yes
fpu_exception	: yes
cpuid level	: 11
wp		: yes
flags		: fpu vme de pse tsc msr pae mce cx8 apic sep mtrr pge mca cmov pat pse36 clflush dts acpi mmx fxsr sse sse2 ss ht tm pbe syscall nx rdtscp lm constant_tsc arch_perfmon pebs bts rep_good nopl xtopology nonstop_tsc aperfmperf pni dtes64 monitor ds_cpl vmx est tm2 ssse3 cx16 xtpr pdcm pcid sse4_1 sse4_2 popcnt lahf_lm arat dtherm tpr_shadow vnmi flexpriority ept vpid
bugs		:
bogomips	: 4788.05
clflush size	: 64
cache_alignment	: 64
address sizes	: 36 bits physical, 48 bits virtual
power management:

processor	: 1
vendor_id	: GenuineIntel
cpu family	: 6
model		: 37
model name	: Intel(R) Core(TM) i3 CPU       M 370  @ 2.40GHz
stepping	: 5
microcode	: 0x2
cpu MHz		: 2399.000
cache size	: 3072 KB
physical id	: 0
siblings	: 4
core id		: 2
cpu cores	: 2
apicid		: 4
initial apicid	: 4
fpu		: yes
fpu_exception	: yes
cpuid level	: 11
wp		: yes
flags		: fpu vme de pse tsc msr pae mce cx8 apic sep mtrr pge mca cmov pat pse36 clflush dts acpi mmx fxsr sse sse2 ss ht tm pbe syscall nx rdtscp lm constant_tsc arch_perfmon pebs bts rep_good nopl xtopology nonstop_tsc aperfmperf pni dtes64 monitor ds_cpl vmx est tm2 ssse3 cx16 xtpr pdcm pcid sse4_1 sse4_2 popcnt lahf_lm arat dtherm tpr_shadow vnmi flexpriority ept vpid
bugs		:
bogomips	: 4788.05
clflush size	: 64
cache_alignment	: 64
address sizes	: 36 bits physical, 48 bits virtual
power management:

processor	: 2
vendor_id	: GenuineIntel
cpu family	: 6
model		: 37
model name	: Intel(R) Core(TM) i3 CPU       M 370  @ 2.40GHz
stepping	: 5
microcode	: 0x2
cpu MHz		: 2399.000
cache size	: 3072 KB
physical id	: 0
siblings	: 4
core id		: 0
cpu cores	: 2
apicid		: 1
initial apicid	: 1
fpu		: yes
fpu_exception	: yes
cpuid level	: 11
wp		: yes
flags		: fpu vme de pse tsc msr pae mce cx8 apic sep mtrr pge mca cmov pat pse36 clflush dts acpi mmx fxsr sse sse2 ss ht tm pbe syscall nx rdtscp lm constant_tsc arch_perfmon pebs bts rep_good nopl xtopology nonstop_tsc aperfmperf pni dtes64 monitor ds_cpl vmx est tm2 ssse3 cx16 xtpr pdcm pcid sse4_1 sse4_2 popcnt lahf_lm arat dtherm tpr_shadow vnmi flexpriority ept vpid
bugs		:
bogomips	: 4788.05
clflush size	: 64
cache_alignment	: 64
address sizes	: 36 bits physical, 48 bits virtual
power management:

processor	: 3
vendor_id	: GenuineIntel
cpu family	: 6
model		: 37
model name	: Intel(R) Core(TM) i3 CPU       M 370  @ 2.40GHz
stepping	: 5
microcode	: 0x2
cpu MHz		: 2399.000
cache size	: 3072 KB
physical id	: 0
siblings	: 4
core id		: 2
cpu cores	: 2
apicid		: 5
initial apicid	: 5
fpu		: yes
fpu_exception	: yes
cpuid level	: 11
wp		: yes
flags		: fpu vme de pse tsc msr pae mce cx8 apic sep mtrr pge mca cmov pat pse36 clflush dts acpi mmx fxsr sse sse2 ss ht tm pbe syscall nx rdtscp lm constant_tsc arch_perfmon pebs bts rep_good nopl xtopology nonstop_tsc aperfmperf pni dtes64 monitor ds_cpl vmx est tm2 ssse3 cx16 xtpr pdcm pcid sse4_1 sse4_2 popcnt lahf_lm arat dtherm tpr_shadow vnmi flexpriority ept vpid
bugs		:
bogomips	: 4788.05
clflush size	: 64
cache_alignment	: 64
address sizes	: 36 bits physical, 48 bits virtual
power management:



Memory: 4k page, physical 3840932k(104636k free), swap 1000444k(60k free)

vm_info: Java HotSpot(TM) 64-Bit Server VM (25.60-b23) for linux-amd64 JRE (1.8.0_60-b27), built on Aug  4 2015 12:19:40 by "java_re" with gcc 4.3.0 20080428 (Red Hat 4.3.0-8)

time: Sat Aug 20 18:06:42 2016
elapsed time: 29 seconds (0d 0h 0m 29s)

